#
# There is insufficient memory for the Java Runtime Environment to continue.
# Native memory allocation (mmap) failed to map 78643200 bytes for committing reserved memory.
# Possible reasons:
#   The system is out of physical RAM or swap space
#   In 32 bit mode, the process size limit was hit
# Possible solutions:
#   Reduce memory load on the system
#   Increase physical memory or swap space
#   Check if swap backing store is full
#   Use 64 bit Java on a 64 bit OS
#   Decrease Java heap size (-Xmx/-Xms)
#   Decrease number of Java threads
#   Decrease Java thread stack sizes (-Xss)
#   Set larger code cache with -XX:ReservedCodeCacheSize=
# This output file may be truncated or incomplete.
#
#  Out of Memory Error (os_linux.cpp:2643), pid=11074, tid=0x00007fb728cfc700
#
# JRE version: OpenJDK Runtime Environment (8.0_151-b12) (build 1.8.0_151-8u151-b12-0ubuntu0.16.04.2-b12)
# Java VM: OpenJDK 64-Bit Server VM (25.151-b12 mixed mode linux-amd64 compressed oops)
# Failed to write core dump. Core dumps have been disabled. To enable core dumping, try "ulimit -c unlimited" before starting Java again
#

---------------  T H R E A D  ---------------

Current thread (0x00007fb738077800):  VMThread [stack: 0x00007fb728bfc000,0x00007fb728cfd000] [id=11097]

Stack: [0x00007fb728bfc000,0x00007fb728cfd000],  sp=0x00007fb728cfb4c0,  free space=1021k
Native frames: (J=compiled Java code, j=interpreted, Vv=VM code, C=native code)
V  [libjvm.so+0xa684eb]
V  [libjvm.so+0x4c579c]
V  [libjvm.so+0x8b6b50]
V  [libjvm.so+0x8b0fce]
V  [libjvm.so+0x92b806]
V  [libjvm.so+0x92cb33]
V  [libjvm.so+0x9291fb]
V  [libjvm.so+0x9294ac]
V  [libjvm.so+0x8db3c3]
V  [libjvm.so+0xa6a192]
V  [libjvm.so+0xa6f277]
V  [libjvm.so+0xa6ca47]
V  [libjvm.so+0xa6decf]
V  [libjvm.so+0xa6e3c1]
V  [libjvm.so+0x8b4032]

VM_Operation (0x00007fb741b0ee50): ParallelGCFailedAllocation, mode: safepoint, requested by thread 0x00007fb73800a000


---------------  P R O C E S S  ---------------

Java Threads: ( => current thread )
  0x00007fb7380c1000 JavaThread "Service Thread" daemon [_thread_blocked, id=11104, stack(0x00007fb721e3b000,0x00007fb721f3c000)]
  0x00007fb7380b1800 JavaThread "C1 CompilerThread2" daemon [_thread_blocked, id=11103, stack(0x00007fb721f3c000,0x00007fb72203d000)]
  0x00007fb7380b0000 JavaThread "C2 CompilerThread1" daemon [_thread_blocked, id=11102, stack(0x00007fb72203d000,0x00007fb72213e000)]
  0x00007fb7380ad000 JavaThread "C2 CompilerThread0" daemon [_thread_blocked, id=11101, stack(0x00007fb72213e000,0x00007fb72223f000)]
  0x00007fb7380ab000 JavaThread "Signal Dispatcher" daemon [_thread_blocked, id=11100, stack(0x00007fb72223f000,0x00007fb722340000)]
  0x00007fb738083800 JavaThread "Finalizer" daemon [_thread_blocked, id=11099, stack(0x00007fb7289fa000,0x00007fb728afb000)]
  0x00007fb73807f000 JavaThread "Reference Handler" daemon [_thread_blocked, id=11098, stack(0x00007fb728afb000,0x00007fb728bfc000)]
  0x00007fb73800a000 JavaThread "main" [_thread_blocked, id=11092, stack(0x00007fb741a12000,0x00007fb741b13000)]

Other Threads:
=>0x00007fb738077800 VMThread [stack: 0x00007fb728bfc000,0x00007fb728cfd000] [id=11097]
  0x00007fb7380c3800 WatcherThread [stack: 0x00007fb721d3a000,0x00007fb721e3b000] [id=11105]

VM state:at safepoint (normal execution)

VM Mutex/Monitor currently owned by a thread:  ([mutex/lock_event])
[0x00007fb738006420] Threads_lock - owner thread: 0x00007fb738077800
[0x00007fb738006920] Heap_lock - owner thread: 0x00007fb73800a000

Heap:
 PSYoungGen      total 63488K, used 2016K [0x00000000ecd80000, 0x00000000f0d80000, 0x0000000100000000)
  eden space 61440K, 0% used [0x00000000ecd80000,0x00000000ecd80000,0x00000000f0980000)
  from space 2048K, 98% used [0x00000000f0980000,0x00000000f0b78020,0x00000000f0b80000)
  to   space 2048K, 0% used [0x00000000f0b80000,0x00000000f0b80000,0x00000000f0d80000)
 ParOldGen       total 39936K, used 16758K [0x00000000c6800000, 0x00000000c8f00000, 0x00000000ecd80000)
  object space 39936K, 41% used [0x00000000c6800000,0x00000000c785d870,0x00000000c8f00000)
 Metaspace       used 16039K, capacity 16384K, committed 16640K, reserved 1064960K
  class space    used 1883K, capacity 2012K, committed 2048K, reserved 1048576K

Card table byte_map: [0x00007fb73defb000,0x00007fb73e0c8000] byte_map_base: 0x00007fb73d8c7000

Marking Bits: (ParMarkBitMap*) 0x00007fb740cdb2c0
 Begin Bits: [0x00007fb722340000, 0x00007fb7231a0000)
 End Bits:   [0x00007fb7231a0000, 0x00007fb724000000)

Polling page: 0x00007fb741b2e000

CodeCache: size=245760Kb used=9330Kb max_used=9330Kb free=236430Kb
 bounds [0x00007fb729000000, 0x00007fb729930000, 0x00007fb738000000]
 total_blobs=3048 nmethods=2697 adapters=265
 compilation: enabled

Compilation events (10 events):
Event: 6.113 Thread 0x00007fb7380b1800 2694       3       org.eclipse.aether.repository.RemoteRepository::<init> (405 bytes)
Event: 6.113 Thread 0x00007fb7380b1800 nmethod 2694 0x00007fb72991d550 code [0x00007fb72991d760, 0x00007fb72991e3d8]
Event: 6.114 Thread 0x00007fb7380b1800 2695       3       org.apache.maven.model.Scm::setLocation (35 bytes)
Event: 6.114 Thread 0x00007fb7380b1800 nmethod 2695 0x00007fb72991e750 code [0x00007fb72991e8e0, 0x00007fb72991ed88]
Event: 6.114 Thread 0x00007fb7380b1800 2696       3       org.apache.maven.model.building.ModelData::getId (48 bytes)
Event: 6.115 Thread 0x00007fb7380b1800 nmethod 2696 0x00007fb72991ef90 code [0x00007fb72991f240, 0x00007fb729920698]
Event: 6.115 Thread 0x00007fb7380b1800 2697       3       org.eclipse.aether.internal.impl.DefaultRemoteRepositoryManager::aggregateRepositories (336 bytes)
Event: 6.117 Thread 0x00007fb7380b0000 2700       4       java.lang.String::toLowerCase (439 bytes)
Event: 6.117 Thread 0x00007fb7380b1800 nmethod 2697 0x00007fb729921190 code [0x00007fb7299215a0, 0x00007fb729923d88]
Event: 6.117 Thread 0x00007fb7380b1800 2698       3       org.apache.maven.model.merge.ModelMerger::mergeModelBase (73 bytes)

GC Heap History (9 events):
Event: 1.412 GC heap before
{Heap before GC invocations=1 (full 0):
 PSYoungGen      total 17408K, used 15360K [0x00000000ecd80000, 0x00000000ee080000, 0x0000000100000000)
  eden space 15360K, 100% used [0x00000000ecd80000,0x00000000edc80000,0x00000000edc80000)
  from space 2048K, 0% used [0x00000000ede80000,0x00000000ede80000,0x00000000ee080000)
  to   space 2048K, 0% used [0x00000000edc80000,0x00000000edc80000,0x00000000ede80000)
 ParOldGen       total 39936K, used 0K [0x00000000c6800000, 0x00000000c8f00000, 0x00000000ecd80000)
  object space 39936K, 0% used [0x00000000c6800000,0x00000000c6800000,0x00000000c8f00000)
 Metaspace       used 6600K, capacity 6748K, committed 7040K, reserved 1056768K
  class space    used 743K, capacity 824K, committed 896K, reserved 1048576K
Event: 1.486 GC heap after
Heap after GC invocations=1 (full 0):
 PSYoungGen      total 17408K, used 2035K [0x00000000ecd80000, 0x00000000eef80000, 0x0000000100000000)
  eden space 15360K, 0% used [0x00000000ecd80000,0x00000000ecd80000,0x00000000edc80000)
  from space 2048K, 99% used [0x00000000edc80000,0x00000000ede7cfe8,0x00000000ede80000)
  to   space 2048K, 0% used [0x00000000eed80000,0x00000000eed80000,0x00000000eef80000)
 ParOldGen       total 39936K, used 1221K [0x00000000c6800000, 0x00000000c8f00000, 0x00000000ecd80000)
  object space 39936K, 3% used [0x00000000c6800000,0x00000000c6931480,0x00000000c8f00000)
 Metaspace       used 6600K, capacity 6748K, committed 7040K, reserved 1056768K
  class space    used 743K, capacity 824K, committed 896K, reserved 1048576K
}
Event: 1.781 GC heap before
{Heap before GC invocations=2 (full 0):
 PSYoungGen      total 17408K, used 17395K [0x00000000ecd80000, 0x00000000eef80000, 0x0000000100000000)
  eden space 15360K, 100% used [0x00000000ecd80000,0x00000000edc80000,0x00000000edc80000)
  from space 2048K, 99% used [0x00000000edc80000,0x00000000ede7cfe8,0x00000000ede80000)
  to   space 2048K, 0% used [0x00000000eed80000,0x00000000eed80000,0x00000000eef80000)
 ParOldGen       total 39936K, used 1221K [0x00000000c6800000, 0x00000000c8f00000, 0x00000000ecd80000)
  object space 39936K, 3% used [0x00000000c6800000,0x00000000c6931480,0x00000000c8f00000)
 Metaspace       used 7927K, capacity 8092K, committed 8192K, reserved 1056768K
  class space    used 953K, capacity 1016K, committed 1024K, reserved 1048576K
Event: 1.794 GC heap after
Heap after GC invocations=2 (full 0):
 PSYoungGen      total 32768K, used 2022K [0x00000000ecd80000, 0x00000000eef80000, 0x0000000100000000)
  eden space 30720K, 0% used [0x00000000ecd80000,0x00000000ecd80000,0x00000000eeb80000)
  from space 2048K, 98% used [0x00000000eed80000,0x00000000eef79930,0x00000000eef80000)
  to   space 2048K, 0% used [0x00000000eeb80000,0x00000000eeb80000,0x00000000eed80000)
 ParOldGen       total 39936K, used 2037K [0x00000000c6800000, 0x00000000c8f00000, 0x00000000ecd80000)
  object space 39936K, 5% used [0x00000000c6800000,0x00000000c69fd430,0x00000000c8f00000)
 Metaspace       used 7927K, capacity 8092K, committed 8192K, reserved 1056768K
  class space    used 953K, capacity 1016K, committed 1024K, reserved 1048576K
}
Event: 2.252 GC heap before
{Heap before GC invocations=3 (full 0):
 PSYoungGen      total 32768K, used 32742K [0x00000000ecd80000, 0x00000000eef80000, 0x0000000100000000)
  eden space 30720K, 100% used [0x00000000ecd80000,0x00000000eeb80000,0x00000000eeb80000)
  from space 2048K, 98% used [0x00000000eed80000,0x00000000eef79930,0x00000000eef80000)
  to   space 2048K, 0% used [0x00000000eeb80000,0x00000000eeb80000,0x00000000eed80000)
 ParOldGen       total 39936K, used 2037K [0x00000000c6800000, 0x00000000c8f00000, 0x00000000ecd80000)
  object space 39936K, 5% used [0x00000000c6800000,0x00000000c69fd430,0x00000000c8f00000)
 Metaspace       used 11127K, capacity 11298K, committed 11520K, reserved 1058816K
  class space    used 1346K, capacity 1443K, committed 1536K, reserved 1048576K
Event: 2.259 GC heap after
Heap after GC invocations=3 (full 0):
 PSYoungGen      total 32768K, used 2032K [0x00000000ecd80000, 0x00000000f0d80000, 0x0000000100000000)
  eden space 30720K, 0% used [0x00000000ecd80000,0x00000000ecd80000,0x00000000eeb80000)
  from space 2048K, 99% used [0x00000000eeb80000,0x00000000eed7c010,0x00000000eed80000)
  to   space 2048K, 0% used [0x00000000f0b80000,0x00000000f0b80000,0x00000000f0d80000)
 ParOldGen       total 39936K, used 6121K [0x00000000c6800000, 0x00000000c8f00000, 0x00000000ecd80000)
  object space 39936K, 15% used [0x00000000c6800000,0x00000000c6dfa5d0,0x00000000c8f00000)
 Metaspace       used 11127K, capacity 11298K, committed 11520K, reserved 1058816K
  class space    used 1346K, capacity 1443K, committed 1536K, reserved 1048576K
}
Event: 3.560 GC heap before
{Heap before GC invocations=4 (full 0):
 PSYoungGen      total 32768K, used 32752K [0x00000000ecd80000, 0x00000000f0d80000, 0x0000000100000000)
  eden space 30720K, 100% used [0x00000000ecd80000,0x00000000eeb80000,0x00000000eeb80000)
  from space 2048K, 99% used [0x00000000eeb80000,0x00000000eed7c010,0x00000000eed80000)
  to   space 2048K, 0% used [0x00000000f0b80000,0x00000000f0b80000,0x00000000f0d80000)
 ParOldGen       total 39936K, used 6121K [0x00000000c6800000, 0x00000000c8f00000, 0x00000000ecd80000)
  object space 39936K, 15% used [0x00000000c6800000,0x00000000c6dfa5d0,0x00000000c8f00000)
 Metaspace       used 14573K, capacity 14774K, committed 14976K, reserved 1062912K
  class space    used 1750K, capacity 1841K, committed 1920K, reserved 1048576K
Event: 3.568 GC heap after
Heap after GC invocations=4 (full 0):
 PSYoungGen      total 63488K, used 2016K [0x00000000ecd80000, 0x00000000f0d80000, 0x0000000100000000)
  eden space 61440K, 0% used [0x00000000ecd80000,0x00000000ecd80000,0x00000000f0980000)
  from space 2048K, 98% used [0x00000000f0b80000,0x00000000f0d78040,0x00000000f0d80000)
  to   space 2048K, 0% used [0x00000000f0980000,0x00000000f0980000,0x00000000f0b80000)
 ParOldGen       total 39936K, used 11242K [0x00000000c6800000, 0x00000000c8f00000, 0x00000000ecd80000)
  object space 39936K, 28% used [0x00000000c6800000,0x00000000c72faad8,0x00000000c8f00000)
 Metaspace       used 14573K, capacity 14774K, committed 14976K, reserved 1062912K
  class space    used 1750K, capacity 1841K, committed 1920K, reserved 1048576K
}
Event: 6.121 GC heap before
{Heap before GC invocations=5 (full 0):
 PSYoungGen      total 63488K, used 63456K [0x00000000ecd80000, 0x00000000f0d80000, 0x0000000100000000)
  eden space 61440K, 100% used [0x00000000ecd80000,0x00000000f0980000,0x00000000f0980000)
  from space 2048K, 98% used [0x00000000f0b80000,0x00000000f0d78040,0x00000000f0d80000)
  to   space 2048K, 0% used [0x00000000f0980000,0x00000000f0980000,0x00000000f0b80000)
 ParOldGen       total 39936K, used 11242K [0x00000000c6800000, 0x00000000c8f00000, 0x00000000ecd80000)
  object space 39936K, 28% used [0x00000000c6800000,0x00000000c72faad8,0x00000000c8f00000)
 Metaspace       used 16039K, capacity 16384K, committed 16640K, reserved 1064960K
  class space    used 1883K, capacity 2012K, committed 2048K, reserved 1048576K

Deoptimization events (10 events):
Event: 5.460 Thread 0x00007fb73800a000 Uncommon trap: reason=bimorphic action=maybe_recompile pc=0x00007fb729760310 method=java.util.regex.Pattern$Curly.match0(Ljava/util/regex/Matcher;IILjava/lang/CharSequence;)Z @ 170
Event: 5.461 Thread 0x00007fb73800a000 Uncommon trap: reason=bimorphic action=maybe_recompile pc=0x00007fb729760310 method=java.util.regex.Pattern$Curly.match0(Ljava/util/regex/Matcher;IILjava/lang/CharSequence;)Z @ 170
Event: 5.620 Thread 0x00007fb73800a000 Uncommon trap: reason=intrinsic action=make_not_entrant pc=0x00007fb729617004 method=org.apache.maven.model.Dependency.getManagementKey()Ljava/lang/String; @ 8
Event: 5.810 Thread 0x00007fb73800a000 Uncommon trap: reason=unstable_if action=reinterpret pc=0x00007fb729529fe0 method=sun.net.www.protocol.jar.Handler.parseURL(Ljava/net/URL;Ljava/lang/String;II)V @ 94
Event: 5.811 Thread 0x00007fb73800a000 Uncommon trap: reason=unstable_if action=reinterpret pc=0x00007fb7292ebeb4 method=java.io.Reader.read()I @ 12
Event: 5.814 Thread 0x00007fb73800a000 Uncommon trap: reason=unstable_if action=reinterpret pc=0x00007fb7292eecb8 method=java.io.Reader.read()I @ 12
Event: 5.857 Thread 0x00007fb73800a000 Uncommon trap: reason=bimorphic action=maybe_recompile pc=0x00007fb729760310 method=java.util.regex.Pattern$Curly.match0(Ljava/util/regex/Matcher;IILjava/lang/CharSequence;)Z @ 170
Event: 5.857 Thread 0x00007fb73800a000 Uncommon trap: reason=bimorphic action=maybe_recompile pc=0x00007fb72958aa3c method=java.util.regex.Pattern$CharProperty.match(Ljava/util/regex/Matcher;ILjava/lang/CharSequence;)Z @ 37
Event: 5.918 Thread 0x00007fb73800a000 Uncommon trap: reason=null_check action=make_not_entrant pc=0x00007fb72983a038 method=com.google.inject.internal.InjectorImpl.callInContext(Lcom/google/inject/internal/ContextualCallable;)Ljava/lang/Object; @ 7
Event: 6.117 Thread 0x00007fb73800a000 Uncommon trap: reason=unstable_if action=reinterpret pc=0x00007fb729521f9c method=java.util.LinkedHashMap.afterNodeInsertion(Z)V @ 18

Internal exceptions (10 events):
Event: 2.825 Thread 0x00007fb73800a000 Exception <a 'java/lang/NullPointerException'> (0x00000000ee009458) thrown at [/build/openjdk-8-W2Qe27/openjdk-8-8u151-b12/src/hotspot/src/share/vm/interpreter/linkResolver.cpp, line 1183]
Event: 2.825 Thread 0x00007fb73800a000 Exception <a 'java/lang/NullPointerException'> (0x00000000ee009670) thrown at [/build/openjdk-8-W2Qe27/openjdk-8-8u151-b12/src/hotspot/src/share/vm/interpreter/linkResolver.cpp, line 1183]
Event: 2.825 Thread 0x00007fb73800a000 Exception <a 'java/lang/NullPointerException'> (0x00000000ee009888) thrown at [/build/openjdk-8-W2Qe27/openjdk-8-8u151-b12/src/hotspot/src/share/vm/interpreter/linkResolver.cpp, line 1183]
Event: 3.557 Thread 0x00007fb73800a000 Implicit null exception at 0x00007fb7295bfbb5 to 0x00007fb7295c04d5
Event: 4.054 Thread 0x00007fb73800a000 Implicit null exception at 0x00007fb7293a85b5 to 0x00007fb7293a8799
Event: 4.054 Thread 0x00007fb73800a000 Implicit null exception at 0x00007fb729390caf to 0x00007fb729390d19
Event: 4.327 Thread 0x00007fb73800a000 Implicit null exception at 0x00007fb72968ba81 to 0x00007fb72968c469
Event: 4.659 Thread 0x00007fb73800a000 Implicit null exception at 0x00007fb729592017 to 0x00007fb7295925c1
Event: 4.660 Thread 0x00007fb73800a000 Implicit null exception at 0x00007fb72932f0d8 to 0x00007fb72932f166
Event: 5.918 Thread 0x00007fb73800a000 Implicit null exception at 0x00007fb729838ea3 to 0x00007fb72983a029

Events (10 events):
Event: 6.021 loading class org/apache/maven/plugin/logging/Log
Event: 6.021 loading class org/apache/maven/plugin/logging/Log done
Event: 6.022 loading class org/apache/maven/artifact/resolver/filter/CumulativeScopeArtifactFilter
Event: 6.022 loading class org/apache/maven/artifact/resolver/filter/CumulativeScopeArtifactFilter done
Event: 6.022 loading class org/apache/maven/artifact/resolver/filter/AbstractScopeArtifactFilter
Event: 6.022 loading class org/apache/maven/artifact/resolver/filter/AbstractScopeArtifactFilter done
Event: 6.117 Thread 0x00007fb73800a000 Uncommon trap: trap_request=0xffffff65 fr.pc=0x00007fb729521f9c
Event: 6.117 Thread 0x00007fb73800a000 DEOPT PACKING pc=0x00007fb729521f9c sp=0x00007fb741b0ec00
Event: 6.117 Thread 0x00007fb73800a000 DEOPT UNPACKING pc=0x00007fb729004f69 sp=0x00007fb741b0eba8 mode 2
Event: 6.120 Executing VM operation: ParallelGCFailedAllocation


Dynamic libraries:
00400000-00401000 r-xp 00000000 08:05 2365066                            /usr/lib/jvm/java-8-openjdk-amd64/jre/bin/java
00600000-00601000 r--p 00000000 08:05 2365066                            /usr/lib/jvm/java-8-openjdk-amd64/jre/bin/java
00601000-00602000 rw-p 00001000 08:05 2365066                            /usr/lib/jvm/java-8-openjdk-amd64/jre/bin/java
01b81000-01ba2000 rw-p 00000000 00:00 0                                  [heap]
c6800000-c8f00000 rw-p 00000000 00:00 0 
c8f00000-ecd80000 ---p 00000000 00:00 0 
ecd80000-f0d80000 rw-p 00000000 00:00 0 
f5880000-100000000 ---p 00000000 00:00 0 
100000000-100200000 rw-p 00000000 00:00 0 
100200000-140000000 ---p 00000000 00:00 0 
7fb6ec000000-7fb6ec021000 rw-p 00000000 00:00 0 
7fb6ec021000-7fb6f0000000 ---p 00000000 00:00 0 
7fb6f0000000-7fb6f0021000 rw-p 00000000 00:00 0 
7fb6f0021000-7fb6f4000000 ---p 00000000 00:00 0 
7fb6f4000000-7fb6f463c000 rw-p 00000000 00:00 0 
7fb6f463c000-7fb6f8000000 ---p 00000000 00:00 0 
7fb6f8000000-7fb6f88da000 rw-p 00000000 00:00 0 
7fb6f88da000-7fb6fc000000 ---p 00000000 00:00 0 
7fb6fc000000-7fb6fc021000 rw-p 00000000 00:00 0 
7fb6fc021000-7fb700000000 ---p 00000000 00:00 0 
7fb700000000-7fb701d94000 rw-p 00000000 00:00 0 
7fb701d94000-7fb704000000 ---p 00000000 00:00 0 
7fb704000000-7fb704021000 rw-p 00000000 00:00 0 
7fb704021000-7fb708000000 ---p 00000000 00:00 0 
7fb708000000-7fb708021000 rw-p 00000000 00:00 0 
7fb708021000-7fb70c000000 ---p 00000000 00:00 0 
7fb70c000000-7fb70c021000 rw-p 00000000 00:00 0 
7fb70c021000-7fb710000000 ---p 00000000 00:00 0 
7fb710000000-7fb710021000 rw-p 00000000 00:00 0 
7fb710021000-7fb714000000 ---p 00000000 00:00 0 
7fb714000000-7fb714021000 rw-p 00000000 00:00 0 
7fb714021000-7fb718000000 ---p 00000000 00:00 0 
7fb718fff000-7fb71c000000 rw-p 00000000 00:00 0 
7fb71c000000-7fb71c021000 rw-p 00000000 00:00 0 
7fb71c021000-7fb720000000 ---p 00000000 00:00 0 
7fb720f09000-7fb720f49000 rw-p 00000000 00:00 0 
7fb720f49000-7fb721109000 ---p 00000000 00:00 0 
7fb721109000-7fb72110b000 r--s 0000d000 08:05 404878                     /home/jones/.m2/repository/org/codehaus/plexus/plexus-interpolation/1.13/plexus-interpolation-1.13.jar
7fb72110b000-7fb72110d000 r--s 00009000 08:05 404874                     /home/jones/.m2/repository/org/apache/maven/shared/maven-filtering/1.1/maven-filtering-1.1.jar
7fb72110d000-7fb72111e000 r-xp 00000000 08:05 2365044                    /usr/lib/jvm/java-8-openjdk-amd64/jre/lib/amd64/libnio.so
7fb72111e000-7fb72131e000 ---p 00011000 08:05 2365044                    /usr/lib/jvm/java-8-openjdk-amd64/jre/lib/amd64/libnio.so
7fb72131e000-7fb72131f000 r--p 00011000 08:05 2365044                    /usr/lib/jvm/java-8-openjdk-amd64/jre/lib/amd64/libnio.so
7fb72131f000-7fb721320000 rw-p 00012000 08:05 2365044                    /usr/lib/jvm/java-8-openjdk-amd64/jre/lib/amd64/libnio.so
7fb721320000-7fb721337000 r-xp 00000000 08:05 2365032                    /usr/lib/jvm/java-8-openjdk-amd64/jre/lib/amd64/libnet.so
7fb721337000-7fb721536000 ---p 00017000 08:05 2365032                    /usr/lib/jvm/java-8-openjdk-amd64/jre/lib/amd64/libnet.so
7fb721536000-7fb721537000 r--p 00016000 08:05 2365032                    /usr/lib/jvm/java-8-openjdk-amd64/jre/lib/amd64/libnet.so
7fb721537000-7fb721538000 rw-p 00017000 08:05 2365032                    /usr/lib/jvm/java-8-openjdk-amd64/jre/lib/amd64/libnet.so
7fb721538000-7fb721738000 rw-p 00000000 00:00 0 
7fb721738000-7fb721938000 rw-p 00000000 00:00 0 
7fb721938000-7fb721b38000 rw-p 00000000 00:00 0 
7fb721b38000-7fb721b3a000 r-xp 00000000 08:05 3434481                    /opt/maven/lib/jansi-native/linux64/libjansi.so
7fb721b3a000-7fb721d39000 ---p 00002000 08:05 3434481                    /opt/maven/lib/jansi-native/linux64/libjansi.so
7fb721d39000-7fb721d3a000 rw-p 00001000 08:05 3434481                    /opt/maven/lib/jansi-native/linux64/libjansi.so
7fb721d3a000-7fb721d3b000 ---p 00000000 00:00 0 
7fb721d3b000-7fb721e3b000 rw-p 00000000 00:00 0 
7fb721e3b000-7fb721e3e000 ---p 00000000 00:00 0 
7fb721e3e000-7fb721f3c000 rw-p 00000000 00:00 0 
7fb721f3c000-7fb721f3f000 ---p 00000000 00:00 0 
7fb721f3f000-7fb72203d000 rw-p 00000000 00:00 0 
7fb72203d000-7fb722040000 ---p 00000000 00:00 0 
7fb722040000-7fb72213e000 rw-p 00000000 00:00 0 
7fb72213e000-7fb722141000 ---p 00000000 00:00 0 
7fb722141000-7fb72223f000 rw-p 00000000 00:00 0 
7fb72223f000-7fb722242000 ---p 00000000 00:00 0 
7fb722242000-7fb724000000 rw-p 00000000 00:00 0 
7fb724000000-7fb724021000 rw-p 00000000 00:00 0 
7fb724021000-7fb728000000 ---p 00000000 00:00 0 
7fb728001000-7fb728005000 r--s 00033000 08:05 404872                     /home/jones/.m2/repository/org/codehaus/plexus/plexus-utils/2.0.5/plexus-utils-2.0.5.jar
7fb728005000-7fb728008000 r--s 0001b000 08:05 9308308                    /home/jones/.m2/repository/junit/junit/3.8.1/junit-3.8.1.jar
7fb728008000-7fb72800a000 r--s 00002000 08:05 9308581                    /home/jones/.m2/repository/org/codehaus/plexus/plexus-interactivity-api/1.0-alpha-4/plexus-interactivity-api-1.0-alpha-4.jar
7fb72800a000-7fb72800c000 r--s 00006000 08:05 9308362                    /home/jones/.m2/repository/commons-cli/commons-cli/1.0/commons-cli-1.0.jar
7fb72800c000-7fb72803b000 r--s 00226000 08:05 3434506                    /opt/maven/lib/guava-20.0.jar
7fb72803b000-7fb7289fa000 r--p 00000000 08:05 2235437                    /usr/lib/locale/locale-archive
7fb7289fa000-7fb7289fd000 ---p 00000000 00:00 0 
7fb7289fd000-7fb728afb000 rw-p 00000000 00:00 0 
7fb728afb000-7fb728afe000 ---p 00000000 00:00 0 
7fb728afe000-7fb728bfc000 rw-p 00000000 00:00 0 
7fb728bfc000-7fb728bfd000 ---p 00000000 00:00 0 
7fb728bfd000-7fb729000000 rw-p 00000000 00:00 0 
7fb729000000-7fb729930000 rwxp 00000000 00:00 0 
7fb729930000-7fb738000000 ---p 00000000 00:00 0 
7fb738000000-7fb738803000 rw-p 00000000 00:00 0 
7fb738803000-7fb73c000000 ---p 00000000 00:00 0 
7fb73c000000-7fb73c001000 r--s 00001000 08:05 404876                     /home/jones/.m2/repository/org/sonatype/plexus/plexus-build-api/0.0.4/plexus-build-api-0.0.4.jar
7fb73c001000-7fb73c002000 r--s 00001000 08:05 9308347                    /home/jones/.m2/repository/org/apache/maven/doxia/doxia-sink-api/1.0-alpha-7/doxia-sink-api-1.0-alpha-7.jar
7fb73c002000-7fb73c003000 r--s 00002000 08:05 9308335                    /home/jones/.m2/repository/org/apache/maven/reporting/maven-reporting-api/2.0.6/maven-reporting-api-2.0.6.jar
7fb73c003000-7fb73c005000 r--s 00006000 08:05 8919852                    /home/jones/.m2/repository/org/apache/maven/plugins/maven-resources-plugin/2.6/maven-resources-plugin-2.6.jar
7fb73c005000-7fb73c00a000 r--s 0009a000 08:05 2365052                    /usr/lib/jvm/java-8-openjdk-amd64/jre/lib/jsse.jar
7fb73c00a000-7fb73c00b000 r--s 00000000 08:05 3434503                    /opt/maven/lib/javax.inject-1.jar
7fb73c00b000-7fb73c00f000 r--s 00039000 08:05 3434487                    /opt/maven/lib/plexus-utils-3.0.24.jar
7fb73c00f000-7fb73c016000 r--s 00041000 08:05 3434516                    /opt/maven/lib/maven-compat-3.5.0.jar
7fb73c016000-7fb73c018000 r--s 00009000 08:05 3434518                    /opt/maven/lib/slf4j-api-1.7.22.jar
7fb73c018000-7fb73c019000 r--s 00006000 08:05 3434497                    /opt/maven/lib/maven-repository-metadata-3.5.0.jar
7fb73c019000-7fb73c01b000 r--s 0000c000 08:05 3434517                    /opt/maven/lib/wagon-provider-api-2.12.jar
7fb73c01b000-7fb73c01f000 r--s 0002a000 08:05 3434511                    /opt/maven/lib/maven-resolver-impl-1.0.3.jar
7fb73c01f000-7fb73c020000 r--s 00002000 08:05 3434522                    /opt/maven/lib/wagon-file-2.12.jar
7fb73c020000-7fb73c023000 r--s 00011000 08:05 3434493                    /opt/maven/lib/plexus-interpolation-1.24.jar
7fb73c023000-7fb73c025000 r--s 00000000 08:05 3434494                    /opt/maven/lib/plexus-component-annotations-1.7.1.jar
7fb73c025000-7fb73c027000 r--s 00007000 08:05 3434509                    /opt/maven/lib/maven-resolver-spi-1.0.3.jar
7fb73c027000-7fb73c029000 r--s 00000000 08:05 3434515                    /opt/maven/lib/aopalliance-1.0.jar
7fb73c029000-7fb73c02b000 r--s 0000c000 08:05 3434498                    /opt/maven/lib/maven-artifact-3.5.0.jar
7fb73c02b000-7fb73c02e000 r--s 00026000 08:05 3434489                    /opt/maven/lib/maven-model-3.5.0.jar
7fb73c02e000-7fb73c030000 r--s 0000c000 08:05 3434519                    /opt/maven/lib/commons-cli-1.4.jar
7fb73c030000-7fb73c034000 r--s 0002f000 08:05 3434513                    /opt/maven/lib/commons-io-2.5.jar
7fb73c034000-7fb73c038000 r--s 00023000 08:05 3434510                    /opt/maven/lib/maven-resolver-util-1.0.3.jar
7fb73c038000-7fb73c040000 r--s 0006e000 08:05 3434490                    /opt/maven/lib/commons-lang3-3.5.jar
7fb73c040000-7fb73c045000 r--s 00027000 08:05 3434505                    /opt/maven/lib/maven-model-builder-3.5.0.jar
7fb73c045000-7fb73c049000 r--s 00020000 08:05 3434508                    /opt/maven/lib/maven-resolver-api-1.0.3.jar
7fb73c049000-7fb73c050000 r--s 00056000 08:05 3434504                    /opt/maven/lib/org.eclipse.sisu.inject-0.3.3.jar
7fb73c050000-7fb73c053000 r--s 00023000 08:05 3434526                    /opt/maven/lib/jansi-1.13.jar
7fb73c053000-7fb73c055000 r--s 00003000 08:05 3434521                    /opt/maven/lib/jcl-over-slf4j-1.7.22.jar
7fb73c055000-7fb73c057000 r--s 00009000 08:05 3434523                    /opt/maven/lib/maven-resolver-connector-basic-1.0.3.jar
7fb73c057000-7fb73c059000 r--s 00009000 08:05 3434491                    /opt/maven/lib/maven-settings-builder-3.5.0.jar
7fb73c059000-7fb73c085000 r--s 001e6000 08:05 3434520                    /opt/maven/lib/wagon-http-2.12-shaded.jar
7fb73c085000-7fb73c087000 r--s 0000a000 08:05 3434499                    /opt/maven/lib/maven-plugin-api-3.5.0.jar
7fb73c087000-7fb73c090000 r--s 0005f000 08:05 3434514                    /opt/maven/lib/guice-4.0-no_aop.jar
7fb73c090000-7fb73c092000 r--s 00006000 08:05 3434524                    /opt/maven/lib/maven-resolver-transport-wagon-1.0.3.jar
7fb73c092000-7fb73c094000 r--s 0000f000 08:05 3434507                    /opt/maven/lib/maven-resolver-provider-3.5.0.jar
7fb73c094000-7fb73c095000 r--s 00003000 08:05 3434492                    /opt/maven/lib/maven-builder-support-3.5.0.jar
7fb73c095000-7fb73c098000 r--s 00008000 08:05 3434501                    /opt/maven/lib/cdi-api-1.0.jar
7fb73c098000-7fb73c09a000 r--s 00002000 08:05 3434496                    /opt/maven/lib/plexus-cipher-1.7.jar
7fb73c09a000-7fb73c09d000 r--s 00015000 08:05 3434485                    /opt/maven/lib/maven-embedder-3.5.0.jar
7fb73c09d000-7fb73c0a3000 r--s 0002d000 08:05 3434500                    /opt/maven/lib/org.eclipse.sisu.plexus-0.3.3.jar
7fb73c0a3000-7fb73c0a4000 r--s 00001000 08:05 3434502                    /opt/maven/lib/jsr250-api-1.0.jar
7fb73c0a4000-7fb73c0a5000 r--s 00006000 08:05 3434495                    /opt/maven/lib/plexus-sec-dispatcher-1.4.jar
7fb73c0a5000-7fb73c0a6000 r--s 0000a000 08:05 3434486                    /opt/maven/lib/maven-settings-3.5.0.jar
7fb73c0a6000-7fb73c0b3000 r--s 0008c000 08:05 3434488                    /opt/maven/lib/maven-core-3.5.0.jar
7fb73c0b3000-7fb73c0b6000 r--s 00025000 08:05 3434512                    /opt/maven/lib/maven-shared-utils-3.1.0.jar
7fb73c0b6000-7fb73c0c0000 r--s 00116000 08:05 2365007                    /usr/lib/jvm/java-8-openjdk-amd64/jre/lib/ext/localedata.jar
7fb73c0c0000-7fb73c0db000 r--s 001d6000 08:05 2365004                    /usr/lib/jvm/java-8-openjdk-amd64/jre/lib/ext/nashorn.jar
7fb73c0db000-7fb73c0f6000 r--s 00394000 08:05 2365002                    /usr/lib/jvm/java-8-openjdk-amd64/jre/lib/ext/cldrdata.jar
7fb73c0f6000-7fb73cdb3000 rw-p 00000000 00:00 0 
7fb73cdb3000-7fb73cf82000 r--s 03c21000 08:05 2364998                    /usr/lib/jvm/java-8-openjdk-amd64/jre/lib/rt.jar
7fb73cf82000-7fb73d9c4000 rw-p 00000000 00:00 0 
7fb73d9c4000-7fb73d9c5000 ---p 00000000 00:00 0 
7fb73d9c5000-7fb73dac5000 rw-p 00000000 00:00 0 
7fb73dac5000-7fb73dac6000 ---p 00000000 00:00 0 
7fb73dac6000-7fb73dbc6000 rw-p 00000000 00:00 0 
7fb73dbc6000-7fb73dbc7000 ---p 00000000 00:00 0 
7fb73dbc7000-7fb73dcc7000 rw-p 00000000 00:00 0 
7fb73dcc7000-7fb73dcc8000 ---p 00000000 00:00 0 
7fb73dcc8000-7fb73dddc000 rw-p 00000000 00:00 0 
7fb73dddc000-7fb73defb000 ---p 00000000 00:00 0 
7fb73defb000-7fb73df0f000 rw-p 00000000 00:00 0 
7fb73df0f000-7fb73e02d000 ---p 00000000 00:00 0 
7fb73e02d000-7fb73e04e000 rw-p 00000000 00:00 0 
7fb73e04e000-7fb73e0c7000 ---p 00000000 00:00 0 
7fb73e0c7000-7fb73e0ed000 rw-p 00000000 00:00 0 
7fb73e0ed000-7fb73e488000 ---p 00000000 00:00 0 
7fb73e488000-7fb73e490000 r-xp 00000000 08:05 2365038                    /usr/lib/jvm/java-8-openjdk-amd64/jre/lib/amd64/libzip.so
7fb73e490000-7fb73e68f000 ---p 00008000 08:05 2365038                    /usr/lib/jvm/java-8-openjdk-amd64/jre/lib/amd64/libzip.so
7fb73e68f000-7fb73e690000 r--p 00007000 08:05 2365038                    /usr/lib/jvm/java-8-openjdk-amd64/jre/lib/amd64/libzip.so
7fb73e690000-7fb73e691000 rw-p 00008000 08:05 2365038                    /usr/lib/jvm/java-8-openjdk-amd64/jre/lib/amd64/libzip.so
7fb73e691000-7fb73e69c000 r-xp 00000000 08:05 7737968                    /lib/x86_64-linux-gnu/libnss_files-2.23.so
7fb73e69c000-7fb73e89b000 ---p 0000b000 08:05 7737968                    /lib/x86_64-linux-gnu/libnss_files-2.23.so
7fb73e89b000-7fb73e89c000 r--p 0000a000 08:05 7737968                    /lib/x86_64-linux-gnu/libnss_files-2.23.so
7fb73e89c000-7fb73e89d000 rw-p 0000b000 08:05 7737968                    /lib/x86_64-linux-gnu/libnss_files-2.23.so
7fb73e89d000-7fb73e8a3000 rw-p 00000000 00:00 0 
7fb73e8a3000-7fb73e8ae000 r-xp 00000000 08:05 7737978                    /lib/x86_64-linux-gnu/libnss_nis-2.23.so
7fb73e8ae000-7fb73eaad000 ---p 0000b000 08:05 7737978                    /lib/x86_64-linux-gnu/libnss_nis-2.23.so
7fb73eaad000-7fb73eaae000 r--p 0000a000 08:05 7737978                    /lib/x86_64-linux-gnu/libnss_nis-2.23.so
7fb73eaae000-7fb73eaaf000 rw-p 0000b000 08:05 7737978                    /lib/x86_64-linux-gnu/libnss_nis-2.23.so
7fb73eaaf000-7fb73eac5000 r-xp 00000000 08:05 7737962                    /lib/x86_64-linux-gnu/libnsl-2.23.so
7fb73eac5000-7fb73ecc4000 ---p 00016000 08:05 7737962                    /lib/x86_64-linux-gnu/libnsl-2.23.so
7fb73ecc4000-7fb73ecc5000 r--p 00015000 08:05 7737962                    /lib/x86_64-linux-gnu/libnsl-2.23.so
7fb73ecc5000-7fb73ecc6000 rw-p 00016000 08:05 7737962                    /lib/x86_64-linux-gnu/libnsl-2.23.so
7fb73ecc6000-7fb73ecc8000 rw-p 00000000 00:00 0 
7fb73ecc8000-7fb73ecd0000 r-xp 00000000 08:05 7737964                    /lib/x86_64-linux-gnu/libnss_compat-2.23.so
7fb73ecd0000-7fb73eecf000 ---p 00008000 08:05 7737964                    /lib/x86_64-linux-gnu/libnss_compat-2.23.so
7fb73eecf000-7fb73eed0000 r--p 00007000 08:05 7737964                    /lib/x86_64-linux-gnu/libnss_compat-2.23.so
7fb73eed0000-7fb73eed1000 rw-p 00008000 08:05 7737964                    /lib/x86_64-linux-gnu/libnss_compat-2.23.so
7fb73eed1000-7fb73eefe000 r-xp 00000000 08:05 2365021                    /usr/lib/jvm/java-8-openjdk-amd64/jre/lib/amd64/libjava.so
7fb73eefe000-7fb73f0fd000 ---p 0002d000 08:05 2365021                    /usr/lib/jvm/java-8-openjdk-amd64/jre/lib/amd64/libjava.so
7fb73f0fd000-7fb73f0fe000 r--p 0002c000 08:05 2365021                    /usr/lib/jvm/java-8-openjdk-amd64/jre/lib/amd64/libjava.so
7fb73f0fe000-7fb73f100000 rw-p 0002d000 08:05 2365021                    /usr/lib/jvm/java-8-openjdk-amd64/jre/lib/amd64/libjava.so
7fb73f100000-7fb73f10f000 r-xp 00000000 08:05 2365036                    /usr/lib/jvm/java-8-openjdk-amd64/jre/lib/amd64/libverify.so
7fb73f10f000-7fb73f30e000 ---p 0000f000 08:05 2365036                    /usr/lib/jvm/java-8-openjdk-amd64/jre/lib/amd64/libverify.so
7fb73f30e000-7fb73f310000 r--p 0000e000 08:05 2365036                    /usr/lib/jvm/java-8-openjdk-amd64/jre/lib/amd64/libverify.so
7fb73f310000-7fb73f311000 rw-p 00010000 08:05 2365036                    /usr/lib/jvm/java-8-openjdk-amd64/jre/lib/amd64/libverify.so
7fb73f311000-7fb73f318000 r-xp 00000000 08:05 7738023                    /lib/x86_64-linux-gnu/librt-2.23.so
7fb73f318000-7fb73f517000 ---p 00007000 08:05 7738023                    /lib/x86_64-linux-gnu/librt-2.23.so
7fb73f517000-7fb73f518000 r--p 00006000 08:05 7738023                    /lib/x86_64-linux-gnu/librt-2.23.so
7fb73f518000-7fb73f519000 rw-p 00007000 08:05 7738023                    /lib/x86_64-linux-gnu/librt-2.23.so
7fb73f519000-7fb73f52f000 r-xp 00000000 08:05 7737907                    /lib/x86_64-linux-gnu/libgcc_s.so.1
7fb73f52f000-7fb73f72e000 ---p 00016000 08:05 7737907                    /lib/x86_64-linux-gnu/libgcc_s.so.1
7fb73f72e000-7fb73f72f000 rw-p 00015000 08:05 7737907                    /lib/x86_64-linux-gnu/libgcc_s.so.1
7fb73f72f000-7fb73f837000 r-xp 00000000 08:05 7737939                    /lib/x86_64-linux-gnu/libm-2.23.so
7fb73f837000-7fb73fa36000 ---p 00108000 08:05 7737939                    /lib/x86_64-linux-gnu/libm-2.23.so
7fb73fa36000-7fb73fa37000 r--p 00107000 08:05 7737939                    /lib/x86_64-linux-gnu/libm-2.23.so
7fb73fa37000-7fb73fa38000 rw-p 00108000 08:05 7737939                    /lib/x86_64-linux-gnu/libm-2.23.so
7fb73fa38000-7fb73fbaa000 r-xp 00000000 08:05 2237609                    /usr/lib/x86_64-linux-gnu/libstdc++.so.6.0.21
7fb73fbaa000-7fb73fdaa000 ---p 00172000 08:05 2237609                    /usr/lib/x86_64-linux-gnu/libstdc++.so.6.0.21
7fb73fdaa000-7fb73fdb4000 r--p 00172000 08:05 2237609                    /usr/lib/x86_64-linux-gnu/libstdc++.so.6.0.21
7fb73fdb4000-7fb73fdb6000 rw-p 0017c000 08:05 2237609                    /usr/lib/x86_64-linux-gnu/libstdc++.so.6.0.21
7fb73fdb6000-7fb73fdba000 rw-p 00000000 00:00 0 
7fb73fdba000-7fb740a0c000 r-xp 00000000 08:05 2365031                    /usr/lib/jvm/java-8-openjdk-amd64/jre/lib/amd64/server/libjvm.so
7fb740a0c000-7fb740c0c000 ---p 00c52000 08:05 2365031                    /usr/lib/jvm/java-8-openjdk-amd64/jre/lib/amd64/server/libjvm.so
7fb740c0c000-7fb740c9f000 r--p 00c52000 08:05 2365031                    /usr/lib/jvm/java-8-openjdk-amd64/jre/lib/amd64/server/libjvm.so
7fb740c9f000-7fb740cc8000 rw-p 00ce5000 08:05 2365031                    /usr/lib/jvm/java-8-openjdk-amd64/jre/lib/amd64/server/libjvm.so
7fb740cc8000-7fb740cf8000 rw-p 00000000 00:00 0 
7fb740cf8000-7fb740d10000 r-xp 00000000 08:05 7738015                    /lib/x86_64-linux-gnu/libpthread-2.23.so
7fb740d10000-7fb740f0f000 ---p 00018000 08:05 7738015                    /lib/x86_64-linux-gnu/libpthread-2.23.so
7fb740f0f000-7fb740f10000 r--p 00017000 08:05 7738015                    /lib/x86_64-linux-gnu/libpthread-2.23.so
7fb740f10000-7fb740f11000 rw-p 00018000 08:05 7738015                    /lib/x86_64-linux-gnu/libpthread-2.23.so
7fb740f11000-7fb740f15000 rw-p 00000000 00:00 0 
7fb740f15000-7fb740f18000 r-xp 00000000 08:05 7737893                    /lib/x86_64-linux-gnu/libdl-2.23.so
7fb740f18000-7fb741117000 ---p 00003000 08:05 7737893                    /lib/x86_64-linux-gnu/libdl-2.23.so
7fb741117000-7fb741118000 r--p 00002000 08:05 7737893                    /lib/x86_64-linux-gnu/libdl-2.23.so
7fb741118000-7fb741119000 rw-p 00003000 08:05 7737893                    /lib/x86_64-linux-gnu/libdl-2.23.so
7fb741119000-7fb741132000 r-xp 00000000 08:05 7738060                    /lib/x86_64-linux-gnu/libz.so.1.2.8
7fb741132000-7fb741331000 ---p 00019000 08:05 7738060                    /lib/x86_64-linux-gnu/libz.so.1.2.8
7fb741331000-7fb741332000 r--p 00018000 08:05 7738060                    /lib/x86_64-linux-gnu/libz.so.1.2.8
7fb741332000-7fb741333000 rw-p 00019000 08:05 7738060                    /lib/x86_64-linux-gnu/libz.so.1.2.8
7fb741333000-7fb7414f3000 r-xp 00000000 08:05 7737869                    /lib/x86_64-linux-gnu/libc-2.23.so
7fb7414f3000-7fb7416f3000 ---p 001c0000 08:05 7737869                    /lib/x86_64-linux-gnu/libc-2.23.so
7fb7416f3000-7fb7416f7000 r--p 001c0000 08:05 7737869                    /lib/x86_64-linux-gnu/libc-2.23.so
7fb7416f7000-7fb7416f9000 rw-p 001c4000 08:05 7737869                    /lib/x86_64-linux-gnu/libc-2.23.so
7fb7416f9000-7fb7416fd000 rw-p 00000000 00:00 0 
7fb7416fd000-7fb74170a000 r-xp 00000000 08:05 2365034                    /usr/lib/jvm/java-8-openjdk-amd64/jre/lib/amd64/jli/libjli.so
7fb74170a000-7fb74190a000 ---p 0000d000 08:05 2365034                    /usr/lib/jvm/java-8-openjdk-amd64/jre/lib/amd64/jli/libjli.so
7fb74190a000-7fb74190b000 r--p 0000d000 08:05 2365034                    /usr/lib/jvm/java-8-openjdk-amd64/jre/lib/amd64/jli/libjli.so
7fb74190b000-7fb74190c000 rw-p 0000e000 08:05 2365034                    /usr/lib/jvm/java-8-openjdk-amd64/jre/lib/amd64/jli/libjli.so
7fb74190c000-7fb741932000 r-xp 00000000 08:05 7737841                    /lib/x86_64-linux-gnu/ld-2.23.so
7fb741932000-7fb741933000 r--s 00004000 08:05 3434525                    /opt/maven/lib/maven-slf4j-provider-3.5.0.jar
7fb741933000-7fb741935000 r--s 0000b000 08:05 3571023                    /opt/maven/boot/plexus-classworlds-2.5.2.jar
7fb741935000-7fb741938000 r--s 0000f000 08:05 2365001                    /usr/lib/jvm/java-8-openjdk-amd64/jre/lib/ext/icedtea-sound.jar
7fb741938000-7fb741939000 r--s 0000a000 08:05 2365009                    /usr/lib/jvm/java-8-openjdk-amd64/jre/lib/ext/jaccess.jar
7fb741939000-7fb74193b000 r--s 00008000 08:05 2365006                    /usr/lib/jvm/java-8-openjdk-amd64/jre/lib/ext/sunec.jar
7fb74193b000-7fb741a12000 rw-p 00000000 00:00 0 
7fb741a12000-7fb741a15000 ---p 00000000 00:00 0 
7fb741a15000-7fb741b18000 rw-p 00000000 00:00 0 
7fb741b18000-7fb741b1e000 r--s 0003a000 08:05 2365005                    /usr/lib/jvm/java-8-openjdk-amd64/jre/lib/ext/sunjce_provider.jar
7fb741b1e000-7fb741b22000 r--s 00037000 08:05 2365008                    /usr/lib/jvm/java-8-openjdk-amd64/jre/lib/ext/sunpkcs11.jar
7fb741b22000-7fb741b23000 r--s 00010000 08:05 2365003                    /usr/lib/jvm/java-8-openjdk-amd64/jre/lib/ext/zipfs.jar
7fb741b23000-7fb741b25000 r--s 00001000 08:05 2365010                    /usr/lib/jvm/java-8-openjdk-amd64/jre/lib/ext/dnsns.jar
7fb741b25000-7fb741b2d000 rw-s 00000000 08:05 7471160                    /tmp/hsperfdata_jones/11074
7fb741b2d000-7fb741b2e000 rw-p 00000000 00:00 0 
7fb741b2e000-7fb741b2f000 ---p 00000000 00:00 0 
7fb741b2f000-7fb741b31000 rw-p 00000000 00:00 0 
7fb741b31000-7fb741b32000 r--p 00025000 08:05 7737841                    /lib/x86_64-linux-gnu/ld-2.23.so
7fb741b32000-7fb741b33000 rw-p 00026000 08:05 7737841                    /lib/x86_64-linux-gnu/ld-2.23.so
7fb741b33000-7fb741b34000 rw-p 00000000 00:00 0 
7ffc25e84000-7ffc25ea5000 rw-p 00000000 00:00 0                          [stack]
7ffc25fbc000-7ffc25fbe000 r--p 00000000 00:00 0                          [vvar]
7ffc25fbe000-7ffc25fc0000 r-xp 00000000 00:00 0                          [vdso]
ffffffffff600000-ffffffffff601000 r-xp 00000000 00:00 0                  [vsyscall]

VM Arguments:
jvm_args: -Dclassworlds.conf=/opt/maven/bin/m2.conf -Dmaven.home=/opt/maven -Dmaven.multiModuleProjectDirectory=/home/jones/workspaces/STS/skeleton-web-services 
java_command: org.codehaus.plexus.classworlds.launcher.Launcher spring-boot:run
java_class_path (initial): /opt/maven/boot/plexus-classworlds-2.5.2.jar
Launcher Type: SUN_STANDARD

Environment Variables:
JAVA_HOME=/usr/lib/jvm/java-8-openjdk-amd64
PATH=/home/jones/bin:/home/jones/.local/bin:/opt/maven/bin:/usr/local/sbin:/usr/local/bin:/usr/sbin:/usr/bin:/sbin:/bin:/usr/games:/usr/local/games:/snap/bin
SHELL=/bin/bash
DISPLAY=:0

Signal Handlers:
SIGSEGV: [libjvm.so+0xa69040], sa_mask[0]=11111111011111111101111111111110, sa_flags=SA_RESTART|SA_SIGINFO
SIGBUS: [libjvm.so+0xa69040], sa_mask[0]=11111111011111111101111111111110, sa_flags=SA_RESTART|SA_SIGINFO
SIGFPE: [libjvm.so+0x8b2170], sa_mask[0]=11111111011111111101111111111110, sa_flags=SA_RESTART|SA_SIGINFO
SIGPIPE: [libjvm.so+0x8b2170], sa_mask[0]=11111111011111111101111111111110, sa_flags=SA_RESTART|SA_SIGINFO
SIGXFSZ: [libjvm.so+0x8b2170], sa_mask[0]=11111111011111111101111111111110, sa_flags=SA_RESTART|SA_SIGINFO
SIGILL: [libjvm.so+0x8b2170], sa_mask[0]=11111111011111111101111111111110, sa_flags=SA_RESTART|SA_SIGINFO
SIGUSR1: SIG_DFL, sa_mask[0]=00000000000000000000000000000000, sa_flags=none
SIGUSR2: [libjvm.so+0x8b2020], sa_mask[0]=00000000000000000000000000000000, sa_flags=SA_RESTART|SA_SIGINFO
SIGHUP: [libjvm.so+0x8b24f0], sa_mask[0]=11111111011111111101111111111110, sa_flags=SA_RESTART|SA_SIGINFO
SIGINT: [libjvm.so+0x8b24f0], sa_mask[0]=11111111011111111101111111111110, sa_flags=SA_RESTART|SA_SIGINFO
SIGTERM: [libjvm.so+0x8b24f0], sa_mask[0]=11111111011111111101111111111110, sa_flags=SA_RESTART|SA_SIGINFO
SIGQUIT: [libjvm.so+0x8b24f0], sa_mask[0]=11111111011111111101111111111110, sa_flags=SA_RESTART|SA_SIGINFO


---------------  S Y S T E M  ---------------

OS:DISTRIB_ID=Ubuntu
DISTRIB_RELEASE=16.04
DISTRIB_CODENAME=xenial
DISTRIB_DESCRIPTION="Ubuntu 16.04.3 LTS"

uname:Linux 4.10.0-38-generic #42~16.04.1-Ubuntu SMP Tue Oct 10 16:32:20 UTC 2017 x86_64
libc:glibc 2.23 NPTL 2.23 
rlimit: STACK 8192k, CORE 0k, NPROC 14523, NOFILE 1048576, AS infinity
load average:3.16 5.79 3.14

/proc/meminfo:
MemTotal:        3762432 kB
MemFree:          115668 kB
MemAvailable:      28804 kB
Buffers:            3644 kB
Cached:           360072 kB
SwapCached:            0 kB
Active:          3107552 kB
Inactive:         340212 kB
Active(anon):    3088668 kB
Inactive(anon):   329584 kB
Active(file):      18884 kB
Inactive(file):    10628 kB
Unevictable:          48 kB
Mlocked:              48 kB
SwapTotal:             0 kB
SwapFree:              0 kB
Dirty:               120 kB
Writeback:             0 kB
AnonPages:       3084552 kB
Mapped:           166104 kB
Shmem:            333644 kB
Slab:              75708 kB
SReclaimable:      31756 kB
SUnreclaim:        43952 kB
KernelStack:       12352 kB
PageTables:        49908 kB
NFS_Unstable:          0 kB
Bounce:                0 kB
WritebackTmp:          0 kB
CommitLimit:     1881216 kB
Committed_AS:    8713348 kB
VmallocTotal:   34359738367 kB
VmallocUsed:           0 kB
VmallocChunk:          0 kB
HardwareCorrupted:     0 kB
AnonHugePages:   1554432 kB
ShmemHugePages:        0 kB
ShmemPmdMapped:        0 kB
CmaTotal:              0 kB
CmaFree:               0 kB
HugePages_Total:       0
HugePages_Free:        0
HugePages_Rsvd:        0
HugePages_Surp:        0
Hugepagesize:       2048 kB
DirectMap4k:      162912 kB
DirectMap2M:     3745792 kB
DirectMap1G:           0 kB


CPU:total 4 (initial active 4) (2 cores per cpu, 2 threads per core) family 6 model 60 stepping 3, cmov, cx8, fxsr, mmx, sse, sse2, sse3, ssse3, sse4.1, sse4.2, popcnt, avx, avx2, aes, clmul, erms, lzcnt, ht, tsc, tscinvbit, bmi1, bmi2

/proc/cpuinfo:
processor	: 0
vendor_id	: GenuineIntel
cpu family	: 6
model		: 60
model name	: Intel(R) Core(TM) i5-4210M CPU @ 2.60GHz
stepping	: 3
microcode	: 0x1e
cpu MHz		: 1084.655
cache size	: 3072 KB
physical id	: 0
siblings	: 4
core id		: 0
cpu cores	: 2
apicid		: 0
initial apicid	: 0
fpu		: yes
fpu_exception	: yes
cpuid level	: 13
wp		: yes
flags		: fpu vme de pse tsc msr pae mce cx8 apic sep mtrr pge mca cmov pat pse36 clflush dts acpi mmx fxsr sse sse2 ss ht tm pbe syscall nx pdpe1gb rdtscp lm constant_tsc arch_perfmon pebs bts rep_good nopl xtopology nonstop_tsc aperfmperf pni pclmulqdq dtes64 monitor ds_cpl vmx est tm2 ssse3 sdbg fma cx16 xtpr pdcm pcid sse4_1 sse4_2 movbe popcnt tsc_deadline_timer aes xsave avx f16c rdrand lahf_lm abm epb tpr_shadow vnmi flexpriority ept vpid fsgsbase tsc_adjust bmi1 avx2 smep bmi2 erms invpcid xsaveopt dtherm ida arat pln pts
bugs		:
bogomips	: 5187.97
clflush size	: 64
cache_alignment	: 64
address sizes	: 39 bits physical, 48 bits virtual
power management:

processor	: 1
vendor_id	: GenuineIntel
cpu family	: 6
model		: 60
model name	: Intel(R) Core(TM) i5-4210M CPU @ 2.60GHz
stepping	: 3
microcode	: 0x1e
cpu MHz		: 1188.757
cache size	: 3072 KB
physical id	: 0
siblings	: 4
core id		: 0
cpu cores	: 2
apicid		: 1
initial apicid	: 1
fpu		: yes
fpu_exception	: yes
cpuid level	: 13
wp		: yes
flags		: fpu vme de pse tsc msr pae mce cx8 apic sep mtrr pge mca cmov pat pse36 clflush dts acpi mmx fxsr sse sse2 ss ht tm pbe syscall nx pdpe1gb rdtscp lm constant_tsc arch_perfmon pebs bts rep_good nopl xtopology nonstop_tsc aperfmperf pni pclmulqdq dtes64 monitor ds_cpl vmx est tm2 ssse3 sdbg fma cx16 xtpr pdcm pcid sse4_1 sse4_2 movbe popcnt tsc_deadline_timer aes xsave avx f16c rdrand lahf_lm abm epb tpr_shadow vnmi flexpriority ept vpid fsgsbase tsc_adjust bmi1 avx2 smep bmi2 erms invpcid xsaveopt dtherm ida arat pln pts
bugs		:
bogomips	: 5187.97
clflush size	: 64
cache_alignment	: 64
address sizes	: 39 bits physical, 48 bits virtual
power management:

processor	: 2
vendor_id	: GenuineIntel
cpu family	: 6
model		: 60
model name	: Intel(R) Core(TM) i5-4210M CPU @ 2.60GHz
stepping	: 3
microcode	: 0x1e
cpu MHz		: 1196.533
cache size	: 3072 KB
physical id	: 0
siblings	: 4
core id		: 1
cpu cores	: 2
apicid		: 2
initial apicid	: 2
fpu		: yes
fpu_exception	: yes
cpuid level	: 13
wp		: yes
flags		: fpu vme de pse tsc msr pae mce cx8 apic sep mtrr pge mca cmov pat pse36 clflush dts acpi mmx fxsr sse sse2 ss ht tm pbe syscall nx pdpe1gb rdtscp lm constant_tsc arch_perfmon pebs bts rep_good nopl xtopology nonstop_tsc aperfmperf pni pclmulqdq dtes64 monitor ds_cpl vmx est tm2 ssse3 sdbg fma cx16 xtpr pdcm pcid sse4_1 sse4_2 movbe popcnt tsc_deadline_timer aes xsave avx f16c rdrand lahf_lm abm epb tpr_shadow vnmi flexpriority ept vpid fsgsbase tsc_adjust bmi1 avx2 smep bmi2 erms invpcid xsaveopt dtherm ida arat pln pts
bugs		:
bogomips	: 5187.97
clflush size	: 64
cache_alignment	: 64
address sizes	: 39 bits physical, 48 bits virtual
power management:

processor	: 3
vendor_id	: GenuineIntel
cpu family	: 6
model		: 60
model name	: Intel(R) Core(TM) i5-4210M CPU @ 2.60GHz
stepping	: 3
microcode	: 0x1e
cpu MHz		: 1196.215
cache size	: 3072 KB
physical id	: 0
siblings	: 4
core id		: 1
cpu cores	: 2
apicid		: 3
initial apicid	: 3
fpu		: yes
fpu_exception	: yes
cpuid level	: 13
wp		: yes
flags		: fpu vme de pse tsc msr pae mce cx8 apic sep mtrr pge mca cmov pat pse36 clflush dts acpi mmx fxsr sse sse2 ss ht tm pbe syscall nx pdpe1gb rdtscp lm constant_tsc arch_perfmon pebs bts rep_good nopl xtopology nonstop_tsc aperfmperf pni pclmulqdq dtes64 monitor ds_cpl vmx est tm2 ssse3 sdbg fma cx16 xtpr pdcm pcid sse4_1 sse4_2 movbe popcnt tsc_deadline_timer aes xsave avx f16c rdrand lahf_lm abm epb tpr_shadow vnmi flexpriority ept vpid fsgsbase tsc_adjust bmi1 avx2 smep bmi2 erms invpcid xsaveopt dtherm ida arat pln pts
bugs		:
bogomips	: 5187.97
clflush size	: 64
cache_alignment	: 64
address sizes	: 39 bits physical, 48 bits virtual
power management:



Memory: 4k page, physical 3762432k(115668k free), swap 0k(0k free)

vm_info: OpenJDK 64-Bit Server VM (25.151-b12) for linux-amd64 JRE (1.8.0_151-8u151-b12-0ubuntu0.16.04.2-b12), built on Oct 27 2017 21:59:02 by "buildd" with gcc 5.4.0 20160609

time: Sun Nov 12 18:48:08 2017
elapsed time: 6 seconds (0d 0h 0m 6s)

