#
# There is insufficient memory for the Java Runtime Environment to continue.
# Native memory allocation (mmap) failed to map 44040192 bytes for committing reserved memory.
# Possible reasons:
#   The system is out of physical RAM or swap space
#   In 32 bit mode, the process size limit was hit
# Possible solutions:
#   Reduce memory load on the system
#   Increase physical memory or swap space
#   Check if swap backing store is full
#   Use 64 bit Java on a 64 bit OS
#   Decrease Java heap size (-Xmx/-Xms)
#   Decrease number of Java threads
#   Decrease Java thread stack sizes (-Xss)
#   Set larger code cache with -XX:ReservedCodeCacheSize=
# This output file may be truncated or incomplete.
#
#  Out of Memory Error (os_linux.cpp:2643), pid=11001, tid=0x00007f4ea623e700
#
# JRE version: OpenJDK Runtime Environment (8.0_151-b12) (build 1.8.0_151-8u151-b12-0ubuntu0.16.04.2-b12)
# Java VM: OpenJDK 64-Bit Server VM (25.151-b12 mixed mode linux-amd64 compressed oops)
# Failed to write core dump. Core dumps have been disabled. To enable core dumping, try "ulimit -c unlimited" before starting Java again
#

---------------  T H R E A D  ---------------

Current thread (0x00007f4ebc077800):  VMThread [stack: 0x00007f4ea613e000,0x00007f4ea623f000] [id=11023]

Stack: [0x00007f4ea613e000,0x00007f4ea623f000],  sp=0x00007f4ea623d4a0,  free space=1021k
Native frames: (J=compiled Java code, j=interpreted, Vv=VM code, C=native code)
V  [libjvm.so+0xa684eb]
V  [libjvm.so+0x4c579c]
V  [libjvm.so+0x8b6b50]
V  [libjvm.so+0x8b0fce]
V  [libjvm.so+0x92b806]
V  [libjvm.so+0x92cb33]
V  [libjvm.so+0x9291fb]
V  [libjvm.so+0x922029]
V  [libjvm.so+0x449973]
V  [libjvm.so+0xa69a79]
V  [libjvm.so+0xa6f277]
V  [libjvm.so+0xa6ca47]
V  [libjvm.so+0xa6decf]
V  [libjvm.so+0xa6e3c1]
V  [libjvm.so+0x8b4032]

VM_Operation (0x00007f4ec4c5c800): CollectForMetadataAllocation, mode: safepoint, requested by thread 0x00007f4ebc00a000


---------------  P R O C E S S  ---------------

Java Threads: ( => current thread )
  0x00007f4ebc0c1000 JavaThread "Service Thread" daemon [_thread_blocked, id=11032, stack(0x00007f4ea5078000,0x00007f4ea5179000)]
  0x00007f4ebc0b1800 JavaThread "C1 CompilerThread2" daemon [_thread_blocked, id=11031, stack(0x00007f4ea5179000,0x00007f4ea527a000)]
  0x00007f4ebc0b0000 JavaThread "C2 CompilerThread1" daemon [_thread_blocked, id=11030, stack(0x00007f4ea527a000,0x00007f4ea537b000)]
  0x00007f4ebc0ad000 JavaThread "C2 CompilerThread0" daemon [_thread_blocked, id=11029, stack(0x00007f4ea537b000,0x00007f4ea547c000)]
  0x00007f4ebc0ab000 JavaThread "Signal Dispatcher" daemon [_thread_blocked, id=11028, stack(0x00007f4ea547c000,0x00007f4ea557d000)]
  0x00007f4ebc083800 JavaThread "Finalizer" daemon [_thread_blocked, id=11025, stack(0x00007f4ea5f3c000,0x00007f4ea603d000)]
  0x00007f4ebc07f000 JavaThread "Reference Handler" daemon [_thread_blocked, id=11024, stack(0x00007f4ea603d000,0x00007f4ea613e000)]
  0x00007f4ebc00a000 JavaThread "main" [_thread_blocked, id=11018, stack(0x00007f4ec4b60000,0x00007f4ec4c61000)]

Other Threads:
=>0x00007f4ebc077800 VMThread [stack: 0x00007f4ea613e000,0x00007f4ea623f000] [id=11023]
  0x00007f4ebc0c3800 WatcherThread [stack: 0x00007f4ea4f77000,0x00007f4ea5078000] [id=11033]

VM state:at safepoint (normal execution)

VM Mutex/Monitor currently owned by a thread:  ([mutex/lock_event])
[0x00007f4ebc006420] Threads_lock - owner thread: 0x00007f4ebc077800
[0x00007f4ebc006920] Heap_lock - owner thread: 0x00007f4ebc00a000
[0x00007f4ebc006ea0] MethodData_lock - owner thread: 0x00007f4ebc0b1800

Heap:
 PSYoungGen      total 67584K, used 8183K [0x00000000ecd80000, 0x00000000f1880000, 0x0000000100000000)
  eden space 59392K, 0% used [0x00000000ecd80000,0x00000000ecd80000,0x00000000f0780000)
  from space 8192K, 99% used [0x00000000f0780000,0x00000000f0f7dd90,0x00000000f0f80000)
  to   space 7168K, 0% used [0x00000000f0f80000,0x00000000f0f80000,0x00000000f1680000)
 ParOldGen       total 39936K, used 17286K [0x00000000c6800000, 0x00000000c8f00000, 0x00000000ecd80000)
  object space 39936K, 43% used [0x00000000c6800000,0x00000000c78e1ac0,0x00000000c8f00000)
 Metaspace       used 20719K, capacity 21092K, committed 21296K, reserved 1069056K
  class space    used 2451K, capacity 2604K, committed 2688K, reserved 1048576K

Card table byte_map: [0x00007f4ec1049000,0x00007f4ec1216000] byte_map_base: 0x00007f4ec0a15000

Marking Bits: (ParMarkBitMap*) 0x00007f4ec3e292c0
 Begin Bits: [0x00007f4ea6340000, 0x00007f4ea71a0000)
 End Bits:   [0x00007f4ea71a0000, 0x00007f4ea8000000)

Polling page: 0x00007f4ec4c7c000

CodeCache: size=245760Kb used=9806Kb max_used=9806Kb free=235953Kb
 bounds [0x00007f4ead000000, 0x00007f4ead9a0000, 0x00007f4ebc000000]
 total_blobs=3200 nmethods=2822 adapters=292
 compilation: enabled

Compilation events (10 events):
Event: 202.776 Thread 0x00007f4ebc0b1800 nmethod 3234 0x00007f4ead999750 code [0x00007f4ead9998c0, 0x00007f4ead999a70]
Event: 202.776 Thread 0x00007f4ebc0b1800 3240       1       com.sun.tools.javac.comp.Check::access$200 (5 bytes)
Event: 202.776 Thread 0x00007f4ebc0b1800 nmethod 3240 0x00007f4ead999ad0 code [0x00007f4ead999c20, 0x00007f4ead999d10]
Event: 202.905 Thread 0x00007f4ebc0b1800 3241       3       com.sun.tools.javac.jvm.ClassReader::skipMember (55 bytes)
Event: 202.905 Thread 0x00007f4ebc0b1800 nmethod 3241 0x00007f4ead999d90 code [0x00007f4ead999f20, 0x00007f4ead99a1f8]
Event: 202.905 Thread 0x00007f4ebc0b1800 3243   !   3       com.sun.tools.javac.jvm.ClassReader::classSigToType (498 bytes)
Event: 202.909 Thread 0x00007f4ebc0b1800 nmethod 3243 0x00007f4ead99a310 code [0x00007f4ead99a720, 0x00007f4ead99c708]
Event: 202.909 Thread 0x00007f4ebc0b1800 3244       3       com.sun.tools.javac.util.Names::fromUtf (11 bytes)
Event: 202.909 Thread 0x00007f4ebc0b1800 nmethod 3244 0x00007f4ead99dc90 code [0x00007f4ead99de00, 0x00007f4ead99e028]
Event: 202.909 Thread 0x00007f4ebc0b1800 3246       3       com.sun.tools.javac.jvm.ClassReader::readPool (504 bytes)

GC Heap History (10 events):
Event: 2.923 GC heap after
Heap after GC invocations=4 (full 0):
 PSYoungGen      total 17408K, used 2016K [0x00000000ecd80000, 0x00000000ee080000, 0x0000000100000000)
  eden space 15360K, 0% used [0x00000000ecd80000,0x00000000ecd80000,0x00000000edc80000)
  from space 2048K, 98% used [0x00000000ede80000,0x00000000ee078020,0x00000000ee080000)
  to   space 2048K, 0% used [0x00000000edc80000,0x00000000edc80000,0x00000000ede80000)
 ParOldGen       total 39936K, used 6138K [0x00000000c6800000, 0x00000000c8f00000, 0x00000000ecd80000)
  object space 39936K, 15% used [0x00000000c6800000,0x00000000c6dfe908,0x00000000c8f00000)
 Metaspace       used 11171K, capacity 11362K, committed 11520K, reserved 1058816K
  class space    used 1352K, capacity 1443K, committed 1536K, reserved 1048576K
}
Event: 3.489 GC heap before
{Heap before GC invocations=5 (full 0):
 PSYoungGen      total 17408K, used 17376K [0x00000000ecd80000, 0x00000000ee080000, 0x0000000100000000)
  eden space 15360K, 100% used [0x00000000ecd80000,0x00000000edc80000,0x00000000edc80000)
  from space 2048K, 98% used [0x00000000ede80000,0x00000000ee078020,0x00000000ee080000)
  to   space 2048K, 0% used [0x00000000edc80000,0x00000000edc80000,0x00000000ede80000)
 ParOldGen       total 39936K, used 6138K [0x00000000c6800000, 0x00000000c8f00000, 0x00000000ecd80000)
  object space 39936K, 15% used [0x00000000c6800000,0x00000000c6dfe908,0x00000000c8f00000)
 Metaspace       used 13118K, capacity 13258K, committed 13568K, reserved 1060864K
  class space    used 1606K, capacity 1679K, committed 1792K, reserved 1048576K
Event: 3.499 GC heap after
Heap after GC invocations=5 (full 0):
 PSYoungGen      total 17408K, used 2032K [0x00000000ecd80000, 0x00000000ef580000, 0x0000000100000000)
  eden space 15360K, 0% used [0x00000000ecd80000,0x00000000ecd80000,0x00000000edc80000)
  from space 2048K, 99% used [0x00000000edc80000,0x00000000ede7c030,0x00000000ede80000)
  to   space 5120K, 0% used [0x00000000ef080000,0x00000000ef080000,0x00000000ef580000)
 ParOldGen       total 39936K, used 8516K [0x00000000c6800000, 0x00000000c8f00000, 0x00000000ecd80000)
  object space 39936K, 21% used [0x00000000c6800000,0x00000000c70512f8,0x00000000c8f00000)
 Metaspace       used 13118K, capacity 13258K, committed 13568K, reserved 1060864K
  class space    used 1606K, capacity 1679K, committed 1792K, reserved 1048576K
}
Event: 4.406 GC heap before
{Heap before GC invocations=6 (full 0):
 PSYoungGen      total 17408K, used 17392K [0x00000000ecd80000, 0x00000000ef580000, 0x0000000100000000)
  eden space 15360K, 100% used [0x00000000ecd80000,0x00000000edc80000,0x00000000edc80000)
  from space 2048K, 99% used [0x00000000edc80000,0x00000000ede7c030,0x00000000ede80000)
  to   space 5120K, 0% used [0x00000000ef080000,0x00000000ef080000,0x00000000ef580000)
 ParOldGen       total 39936K, used 8516K [0x00000000c6800000, 0x00000000c8f00000, 0x00000000ecd80000)
  object space 39936K, 21% used [0x00000000c6800000,0x00000000c70512f8,0x00000000c8f00000)
 Metaspace       used 14573K, capacity 14774K, committed 14976K, reserved 1062912K
  class space    used 1750K, capacity 1841K, committed 1920K, reserved 1048576K
Event: 4.419 GC heap after
Heap after GC invocations=6 (full 0):
 PSYoungGen      total 35328K, used 4963K [0x00000000ecd80000, 0x00000000ef680000, 0x0000000100000000)
  eden space 30208K, 0% used [0x00000000ecd80000,0x00000000ecd80000,0x00000000eeb00000)
  from space 5120K, 96% used [0x00000000ef080000,0x00000000ef558f20,0x00000000ef580000)
  to   space 5632K, 0% used [0x00000000eeb00000,0x00000000eeb00000,0x00000000ef080000)
 ParOldGen       total 39936K, used 8524K [0x00000000c6800000, 0x00000000c8f00000, 0x00000000ecd80000)
  object space 39936K, 21% used [0x00000000c6800000,0x00000000c70532f8,0x00000000c8f00000)
 Metaspace       used 14573K, capacity 14774K, committed 14976K, reserved 1062912K
  class space    used 1750K, capacity 1841K, committed 1920K, reserved 1048576K
}
Event: 15.356 GC heap before
{Heap before GC invocations=7 (full 0):
 PSYoungGen      total 35328K, used 35171K [0x00000000ecd80000, 0x00000000ef680000, 0x0000000100000000)
  eden space 30208K, 100% used [0x00000000ecd80000,0x00000000eeb00000,0x00000000eeb00000)
  from space 5120K, 96% used [0x00000000ef080000,0x00000000ef558f20,0x00000000ef580000)
  to   space 5632K, 0% used [0x00000000eeb00000,0x00000000eeb00000,0x00000000ef080000)
 ParOldGen       total 39936K, used 8524K [0x00000000c6800000, 0x00000000c8f00000, 0x00000000ecd80000)
  object space 39936K, 21% used [0x00000000c6800000,0x00000000c70532f8,0x00000000c8f00000)
 Metaspace       used 15100K, capacity 15266K, committed 15488K, reserved 1062912K
  class space    used 1788K, capacity 1875K, committed 1920K, reserved 1048576K
Event: 16.943 GC heap after
Heap after GC invocations=7 (full 0):
 PSYoungGen      total 35840K, used 5632K [0x00000000ecd80000, 0x00000000f1680000, 0x0000000100000000)
  eden space 30208K, 0% used [0x00000000ecd80000,0x00000000ecd80000,0x00000000eeb00000)
  from space 5632K, 100% used [0x00000000eeb00000,0x00000000ef080000,0x00000000ef080000)
  to   space 7168K, 0% used [0x00000000f0f80000,0x00000000f0f80000,0x00000000f1680000)
 ParOldGen       total 39936K, used 9932K [0x00000000c6800000, 0x00000000c8f00000, 0x00000000ecd80000)
  object space 39936K, 24% used [0x00000000c6800000,0x00000000c71b32e0,0x00000000c8f00000)
 Metaspace       used 15100K, capacity 15266K, committed 15488K, reserved 1062912K
  class space    used 1788K, capacity 1875K, committed 1920K, reserved 1048576K
}
Event: 164.380 GC heap before
{Heap before GC invocations=8 (full 0):
 PSYoungGen      total 35840K, used 35840K [0x00000000ecd80000, 0x00000000f1680000, 0x0000000100000000)
  eden space 30208K, 100% used [0x00000000ecd80000,0x00000000eeb00000,0x00000000eeb00000)
  from space 5632K, 100% used [0x00000000eeb00000,0x00000000ef080000,0x00000000ef080000)
  to   space 7168K, 0% used [0x00000000f0f80000,0x00000000f0f80000,0x00000000f1680000)
 ParOldGen       total 39936K, used 9932K [0x00000000c6800000, 0x00000000c8f00000, 0x00000000ecd80000)
  object space 39936K, 24% used [0x00000000c6800000,0x00000000c71b32e0,0x00000000c8f00000)
 Metaspace       used 16049K, capacity 16384K, committed 16640K, reserved 1064960K
  class space    used 1883K, capacity 2012K, committed 2048K, reserved 1048576K
Event: 165.235 GC heap after
Heap after GC invocations=8 (full 0):
 PSYoungGen      total 66560K, used 7156K [0x00000000ecd80000, 0x00000000f1880000, 0x0000000100000000)
  eden space 59392K, 0% used [0x00000000ecd80000,0x00000000ecd80000,0x00000000f0780000)
  from space 7168K, 99% used [0x00000000f0f80000,0x00000000f167d000,0x00000000f1680000)
  to   space 8192K, 0% used [0x00000000f0780000,0x00000000f0780000,0x00000000f0f80000)
 ParOldGen       total 39936K, used 10604K [0x00000000c6800000, 0x00000000c8f00000, 0x00000000ecd80000)
  object space 39936K, 26% used [0x00000000c6800000,0x00000000c725b1a0,0x00000000c8f00000)
 Metaspace       used 16049K, capacity 16384K, committed 16640K, reserved 1064960K
  class space    used 1883K, capacity 2012K, committed 2048K, reserved 1048576K
}
Event: 202.974 GC heap before
{Heap before GC invocations=9 (full 0):
 PSYoungGen      total 66560K, used 59959K [0x00000000ecd80000, 0x00000000f1880000, 0x0000000100000000)
  eden space 59392K, 88% used [0x00000000ecd80000,0x00000000f0110f28,0x00000000f0780000)
  from space 7168K, 99% used [0x00000000f0f80000,0x00000000f167d000,0x00000000f1680000)
  to   space 8192K, 0% used [0x00000000f0780000,0x00000000f0780000,0x00000000f0f80000)
 ParOldGen       total 39936K, used 10604K [0x00000000c6800000, 0x00000000c8f00000, 0x00000000ecd80000)
  object space 39936K, 26% used [0x00000000c6800000,0x00000000c725b1a0,0x00000000c8f00000)
 Metaspace       used 20719K, capacity 21092K, committed 21296K, reserved 1069056K
  class space    used 2451K, capacity 2604K, committed 2688K, reserved 1048576K

Deoptimization events (10 events):
Event: 197.104 Thread 0x00007f4ebc00a000 Uncommon trap: reason=class_check action=maybe_recompile pc=0x00007f4ead1f0fb0 method=sun.misc.URLClassPath.getLoader(I)Lsun/misc/URLClassPath$Loader; @ 94
Event: 197.346 Thread 0x00007f4ebc00a000 Uncommon trap: reason=unstable_if action=reinterpret pc=0x00007f4ead2c6928 method=java.nio.charset.CharsetDecoder.decode(Ljava/nio/ByteBuffer;Ljava/nio/CharBuffer;Z)Ljava/nio/charset/CoderResult; @ 1
Event: 199.793 Thread 0x00007f4ebc00a000 Uncommon trap: reason=predicate action=maybe_recompile pc=0x00007f4ead943d4c method=java.util.ComparableTimSort.binarySort([Ljava/lang/Object;III)V @ 37
Event: 199.794 Thread 0x00007f4ebc00a000 Uncommon trap: reason=array_check action=maybe_recompile pc=0x00007f4ead941a90 method=java.util.ComparableTimSort.binarySort([Ljava/lang/Object;III)V @ 215
Event: 199.796 Thread 0x00007f4ebc00a000 Uncommon trap: reason=array_check action=maybe_recompile pc=0x00007f4ead941a90 method=java.util.ComparableTimSort.binarySort([Ljava/lang/Object;III)V @ 215
Event: 199.854 Thread 0x00007f4ebc00a000 Uncommon trap: reason=array_check action=maybe_recompile pc=0x00007f4ead9461bc method=java.util.ComparableTimSort.binarySort([Ljava/lang/Object;III)V @ 193
Event: 199.854 Thread 0x00007f4ebc00a000 Uncommon trap: reason=array_check action=maybe_recompile pc=0x00007f4ead9461bc method=java.util.ComparableTimSort.binarySort([Ljava/lang/Object;III)V @ 193
Event: 199.854 Thread 0x00007f4ebc00a000 Uncommon trap: reason=array_check action=maybe_recompile pc=0x00007f4ead941a90 method=java.util.ComparableTimSort.binarySort([Ljava/lang/Object;III)V @ 215
Event: 200.034 Thread 0x00007f4ebc00a000 Uncommon trap: reason=array_check action=maybe_recompile pc=0x00007f4ead9563c4 method=java.util.ComparableTimSort.binarySort([Ljava/lang/Object;III)V @ 183
Event: 200.054 Thread 0x00007f4ebc00a000 Uncommon trap: reason=array_check action=maybe_recompile pc=0x00007f4ead9563c4 method=java.util.ComparableTimSort.binarySort([Ljava/lang/Object;III)V @ 183

Internal exceptions (10 events):
Event: 5.392 Thread 0x00007f4ebc00a000 Implicit null exception at 0x00007f4ead596397 to 0x00007f4ead596941
Event: 5.392 Thread 0x00007f4ebc00a000 Implicit null exception at 0x00007f4ead5dc07b to 0x00007f4ead5dc65d
Event: 30.851 Thread 0x00007f4ebc00a000 Implicit null exception at 0x00007f4ead7c1f81 to 0x00007f4ead7c2961
Event: 159.160 Thread 0x00007f4ebc00a000 Implicit null exception at 0x00007f4ead80f3a3 to 0x00007f4ead810529
Event: 171.961 Thread 0x00007f4ebc00a000 Implicit null exception at 0x00007f4ead27c561 to 0x00007f4ead27dc19
Event: 179.836 Thread 0x00007f4ebc00a000 Implicit null exception at 0x00007f4ead663563 to 0x00007f4ead664945
Event: 189.552 Thread 0x00007f4ebc00a000 Exception <a 'java/lang/ClassNotFoundException': com/sun/tools/javac/api/JavacTool> (0x00000000ee34b260) thrown at [/build/openjdk-8-W2Qe27/openjdk-8-8u151-b12/src/hotspot/src/share/vm/classfile/systemDictionary.cpp, line 210]
Event: 199.366 Thread 0x00007f4ebc00a000 Exception <a 'java/io/FileNotFoundException'> (0x00000000ef7c9da0) thrown at [/build/openjdk-8-W2Qe27/openjdk-8-8u151-b12/src/hotspot/src/share/vm/prims/jni.cpp, line 709]
Event: 199.440 Thread 0x00007f4ebc00a000 Exception <a 'java/io/FileNotFoundException'> (0x00000000ef7f0048) thrown at [/build/openjdk-8-W2Qe27/openjdk-8-8u151-b12/src/hotspot/src/share/vm/prims/jni.cpp, line 709]
Event: 199.440 Thread 0x00007f4ebc00a000 Exception <a 'java/io/FileNotFoundException'> (0x00000000ef7f0c38) thrown at [/build/openjdk-8-W2Qe27/openjdk-8-8u151-b12/src/hotspot/src/share/vm/prims/jni.cpp, line 709]

Events (10 events):
Event: 202.608 loading class com/sun/tools/javac/comp/Attr$15 done
Event: 202.610 loading class com/sun/source/tree/MemberReferenceTree$ReferenceMode
Event: 202.610 loading class com/sun/source/tree/MemberReferenceTree$ReferenceMode done
Event: 202.766 loading class com/sun/tools/javac/code/SymbolMetadata
Event: 202.766 loading class com/sun/tools/javac/code/SymbolMetadata done
Event: 202.771 loading class com/sun/tools/javac/comp/MemberEnter$5
Event: 202.771 loading class com/sun/tools/javac/comp/MemberEnter$5 done
Event: 202.772 loading class com/sun/tools/javac/comp/MemberEnter$6
Event: 202.772 loading class com/sun/tools/javac/comp/MemberEnter$6 done
Event: 202.971 Executing VM operation: CollectForMetadataAllocation


Dynamic libraries:
00400000-00401000 r-xp 00000000 08:05 2365066                            /usr/lib/jvm/java-8-openjdk-amd64/jre/bin/java
00600000-00601000 r--p 00000000 08:05 2365066                            /usr/lib/jvm/java-8-openjdk-amd64/jre/bin/java
00601000-00602000 rw-p 00001000 08:05 2365066                            /usr/lib/jvm/java-8-openjdk-amd64/jre/bin/java
01df1000-01e12000 rw-p 00000000 00:00 0                                  [heap]
c6800000-c8f00000 rw-p 00000000 00:00 0 
c8f00000-ecd80000 ---p 00000000 00:00 0 
ecd80000-f1880000 rw-p 00000000 00:00 0 
f4280000-100000000 ---p 00000000 00:00 0 
100000000-1002a0000 rw-p 00000000 00:00 0 
1002a0000-140000000 ---p 00000000 00:00 0 
7f4e70000000-7f4e70021000 rw-p 00000000 00:00 0 
7f4e70021000-7f4e74000000 ---p 00000000 00:00 0 
7f4e74000000-7f4e74021000 rw-p 00000000 00:00 0 
7f4e74021000-7f4e78000000 ---p 00000000 00:00 0 
7f4e78000000-7f4e7a377000 rw-p 00000000 00:00 0 
7f4e7a377000-7f4e7c000000 ---p 00000000 00:00 0 
7f4e7c000000-7f4e7cd7e000 rw-p 00000000 00:00 0 
7f4e7cd7e000-7f4e80000000 ---p 00000000 00:00 0 
7f4e80000000-7f4e80021000 rw-p 00000000 00:00 0 
7f4e80021000-7f4e84000000 ---p 00000000 00:00 0 
7f4e84000000-7f4e86245000 rw-p 00000000 00:00 0 
7f4e86245000-7f4e88000000 ---p 00000000 00:00 0 
7f4e88000000-7f4e88021000 rw-p 00000000 00:00 0 
7f4e88021000-7f4e8c000000 ---p 00000000 00:00 0 
7f4e8c000000-7f4e8c021000 rw-p 00000000 00:00 0 
7f4e8c021000-7f4e90000000 ---p 00000000 00:00 0 
7f4e90000000-7f4e90021000 rw-p 00000000 00:00 0 
7f4e90021000-7f4e94000000 ---p 00000000 00:00 0 
7f4e94000000-7f4e94031000 rw-p 00000000 00:00 0 
7f4e94031000-7f4e98000000 ---p 00000000 00:00 0 
7f4e98000000-7f4e98021000 rw-p 00000000 00:00 0 
7f4e98021000-7f4e9c000000 ---p 00000000 00:00 0 
7f4e9cab4000-7f4e9cae0000 rw-p 00000000 00:00 0 
7f4e9cae0000-7f4e9ccb4000 ---p 00000000 00:00 0 
7f4e9ccb4000-7f4e9ccb9000 r--s 0003b000 08:05 9440179                    /home/jones/.m2/repository/org/springframework/spring-expression/4.1.4.RELEASE/spring-expression-4.1.4.RELEASE.jar
7f4e9ccb9000-7f4e9ccc8000 r--s 000b0000 08:05 9440177                    /home/jones/.m2/repository/org/springframework/spring-webmvc/4.1.4.RELEASE/spring-webmvc-4.1.4.RELEASE.jar
7f4e9ccc8000-7f4e9cce0000 r--s 000e3000 08:05 9440175                    /home/jones/.m2/repository/org/springframework/spring-context/4.1.4.RELEASE/spring-context-4.1.4.RELEASE.jar
7f4e9cce0000-7f4e9cced000 r--s 000a0000 08:05 9440173                    /home/jones/.m2/repository/org/springframework/spring-beans/4.1.4.RELEASE/spring-beans-4.1.4.RELEASE.jar
7f4e9cced000-7f4e9ccef000 r--s 00000000 08:05 9440004                    /home/jones/.m2/repository/aopalliance/aopalliance/1.0/aopalliance-1.0.jar
7f4e9ccef000-7f4e9ccf8000 r--s 0004f000 08:05 9440171                    /home/jones/.m2/repository/org/springframework/spring-aop/4.1.4.RELEASE/spring-aop-4.1.4.RELEASE.jar
7f4e9ccf8000-7f4e9cd08000 r--s 0009f000 08:05 9440169                    /home/jones/.m2/repository/org/springframework/spring-web/4.1.4.RELEASE/spring-web-4.1.4.RELEASE.jar
7f4e9cd08000-7f4e9cd1c000 r--s 000e2000 08:05 9440167                    /home/jones/.m2/repository/org/springframework/spring-core/4.1.4.RELEASE/spring-core-4.1.4.RELEASE.jar
7f4e9cd1c000-7f4e9cd1e000 r--s 0000d000 08:05 9440165                    /home/jones/.m2/repository/com/fasterxml/classmate/1.0.0/classmate-1.0.0.jar
7f4e9cd1e000-7f4e9cd20000 r--s 0000c000 08:05 9440163                    /home/jones/.m2/repository/org/jboss/logging/jboss-logging/3.1.3.GA/jboss-logging-3.1.3.GA.jar
7f4e9cd20000-7f4e9cd24000 r--s 0000c000 08:05 930231                     /home/jones/.m2/repository/javax/validation/validation-api/1.1.0.Final/validation-api-1.1.0.Final.jar
7f4e9cd24000-7f4e9cd32000 r--s 0008d000 08:05 531464                     /home/jones/.m2/repository/org/hibernate/hibernate-validator/5.1.3.Final/hibernate-validator-5.1.3.Final.jar
7f4e9cd32000-7f4e9cd36000 r--s 00034000 08:05 662941                     /home/jones/.m2/repository/com/fasterxml/jackson/core/jackson-core/2.4.4/jackson-core-2.4.4.jar
7f4e9cd36000-7f4e9cd39000 r--s 00007000 08:05 662939                     /home/jones/.m2/repository/com/fasterxml/jackson/core/jackson-annotations/2.4.4/jackson-annotations-2.4.4.jar
7f4e9cd39000-7f4e9cd4a000 r--s 000f6000 08:05 662937                     /home/jones/.m2/repository/com/fasterxml/jackson/core/jackson-databind/2.4.4/jackson-databind-2.4.4.jar
7f4e9cd4a000-7f4e9cd4f000 r--s 00034000 08:05 9440161                    /home/jones/.m2/repository/org/apache/tomcat/embed/tomcat-embed-websocket/8.0.15/tomcat-embed-websocket-8.0.15.jar
7f4e9cd4f000-7f4e9cd51000 r--s 00009000 08:05 9440159                    /home/jones/.m2/repository/org/apache/tomcat/embed/tomcat-embed-logging-juli/8.0.15/tomcat-embed-logging-juli-8.0.15.jar
7f4e9cd51000-7f4e9cd76000 r--s 0028d000 08:05 9440157                    /home/jones/.m2/repository/org/apache/tomcat/embed/tomcat-embed-core/8.0.15/tomcat-embed-core-8.0.15.jar
7f4e9cd76000-7f4e9cd80000 r--s 0005f000 08:05 795126                     /home/jones/.m2/repository/ch/qos/logback/logback-core/1.1.2/logback-core-1.1.2.jar
7f4e9cd80000-7f4e9cd86000 r--s 0003d000 08:05 9053228                    /home/jones/.m2/repository/ch/qos/logback/logback-classic/1.1.2/logback-classic-1.1.2.jar
7f4e9cd86000-7f4e9cf86000 rw-p 00000000 00:00 0 
7f4e9cf86000-7f4e9cfff000 r--s 010fe000 08:05 2365094                    /usr/lib/jvm/java-8-openjdk-amd64/lib/tools.jar
7f4e9cfff000-7f4ea0000000 rw-p 00000000 00:00 0 
7f4ea0000000-7f4ea0021000 rw-p 00000000 00:00 0 
7f4ea0021000-7f4ea4000000 ---p 00000000 00:00 0 
7f4ea4000000-7f4ea4004000 r--s 00036000 08:05 405078                     /home/jones/.m2/repository/org/apache/tomcat/embed/tomcat-embed-el/8.0.15/tomcat-embed-el-8.0.15.jar
7f4ea4004000-7f4ea4005000 r--s 00000000 08:05 662935                     /home/jones/.m2/repository/org/springframework/boot/spring-boot-starter-tomcat/1.2.1.RELEASE/spring-boot-starter-tomcat-1.2.1.RELEASE.jar
7f4ea4005000-7f4ea4006000 r--s 00005000 08:05 795124                     /home/jones/.m2/repository/org/slf4j/log4j-over-slf4j/1.7.8/log4j-over-slf4j-1.7.8.jar
7f4ea4006000-7f4ea4008000 r--s 00000000 08:05 795122                     /home/jones/.m2/repository/org/slf4j/jul-to-slf4j/1.7.8/jul-to-slf4j-1.7.8.jar
7f4ea4008000-7f4ea4009000 r--s 00007000 08:05 9308835                    /home/jones/.m2/repository/org/slf4j/slf4j-api/1.7.8/slf4j-api-1.7.8.jar
7f4ea4009000-7f4ea400b000 r--s 00003000 08:05 9308833                    /home/jones/.m2/repository/org/slf4j/jcl-over-slf4j/1.7.8/jcl-over-slf4j-1.7.8.jar
7f4ea400b000-7f4ea400c000 r--s 00000000 08:05 795120                     /home/jones/.m2/repository/org/springframework/boot/spring-boot-starter-logging/1.2.1.RELEASE/spring-boot-starter-logging-1.2.1.RELEASE.jar
7f4ea400c000-7f4ea401b000 r--s 00064000 08:05 795118                     /home/jones/.m2/repository/org/springframework/boot/spring-boot-autoconfigure/1.2.1.RELEASE/spring-boot-autoconfigure-1.2.1.RELEASE.jar
7f4ea401b000-7f4ea4025000 r--s 0005c000 08:05 795116                     /home/jones/.m2/repository/org/springframework/boot/spring-boot/1.2.1.RELEASE/spring-boot-1.2.1.RELEASE.jar
7f4ea4025000-7f4ea4026000 r--s 00000000 08:05 795114                     /home/jones/.m2/repository/org/springframework/boot/spring-boot-starter/1.2.1.RELEASE/spring-boot-starter-1.2.1.RELEASE.jar
7f4ea4026000-7f4ea4027000 r--s 00000000 08:05 662933                     /home/jones/.m2/repository/org/springframework/boot/spring-boot-starter-web/1.2.1.RELEASE/spring-boot-starter-web-1.2.1.RELEASE.jar
7f4ea4027000-7f4ea402a000 r--s 0001b000 08:05 9439484                    /home/jones/.m2/repository/junit/junit/3.8.2/junit-3.8.2.jar
7f4ea402a000-7f4ea4038000 r--s 0008f000 08:05 9439482                    /home/jones/.m2/repository/com/google/collections/google-collections/1.0/google-collections-1.0.jar
7f4ea4038000-7f4ea4039000 r--s 0000a000 08:05 9439480                    /home/jones/.m2/repository/commons-logging/commons-logging-api/1.1/commons-logging-api-1.1.jar
7f4ea4039000-7f4ea4040000 r--s 00051000 08:05 9439478                    /home/jones/.m2/repository/log4j/log4j/1.2.12/log4j-1.2.12.jar
7f4ea4040000-7f4ea4044000 r--s 0001d000 08:05 9439476                    /home/jones/.m2/repository/org/apache/xbean/xbean-reflect/3.4/xbean-reflect-3.4.jar
7f4ea4044000-7f4ea4045000 r--s 00004000 08:05 9439470                    /home/jones/.m2/repository/org/codehaus/plexus/plexus-compiler-javac/2.2/plexus-compiler-javac-2.2.jar
7f4ea4045000-7f4ea4047000 r--s 00000000 08:05 9439468                    /home/jones/.m2/repository/org/codehaus/plexus/plexus-compiler-manager/2.2/plexus-compiler-manager-2.2.jar
7f4ea4047000-7f4ea4049000 r--s 00005000 08:05 9439466                    /home/jones/.m2/repository/org/codehaus/plexus/plexus-compiler-api/2.2/plexus-compiler-api-2.2.jar
7f4ea4049000-7f4ea404b000 r--s 00000000 08:05 9439464                    /home/jones/.m2/repository/org/codehaus/plexus/plexus-component-annotations/1.5.5/plexus-component-annotations-1.5.5.jar
7f4ea404b000-7f4ea404d000 r--s 00002000 08:05 9308303                    /home/jones/.m2/repository/org/apache/maven/shared/maven-shared-incremental/1.1/maven-shared-incremental-1.1.jar
7f4ea404d000-7f4ea404f000 r--s 00006000 08:05 9308301                    /home/jones/.m2/repository/com/google/code/findbugs/jsr305/2.0.1/jsr305-2.0.1.jar
7f4ea404f000-7f4ea4052000 r--s 00023000 08:05 9308299                    /home/jones/.m2/repository/org/apache/maven/shared/maven-shared-utils/0.1/maven-shared-utils-0.1.jar
7f4ea4052000-7f4ea4056000 r--s 00030000 08:05 9052764                    /home/jones/.m2/repository/org/codehaus/plexus/plexus-utils/1.5.1/plexus-utils-1.5.1.jar
7f4ea4056000-7f4ea4058000 r--s 00009000 08:05 8919861                    /home/jones/.m2/repository/org/apache/maven/plugins/maven-compiler-plugin/3.1/maven-compiler-plugin-3.1.jar
7f4ea4058000-7f4ea4258000 rw-p 00000000 00:00 0 
7f4ea4258000-7f4ea425a000 r--s 0000d000 08:05 404878                     /home/jones/.m2/repository/org/codehaus/plexus/plexus-interpolation/1.13/plexus-interpolation-1.13.jar
7f4ea425a000-7f4ea425b000 r--s 00001000 08:05 404876                     /home/jones/.m2/repository/org/sonatype/plexus/plexus-build-api/0.0.4/plexus-build-api-0.0.4.jar
7f4ea425b000-7f4ea425d000 r--s 00009000 08:05 404874                     /home/jones/.m2/repository/org/apache/maven/shared/maven-filtering/1.1/maven-filtering-1.1.jar
7f4ea425d000-7f4ea4261000 r--s 00033000 08:05 404872                     /home/jones/.m2/repository/org/codehaus/plexus/plexus-utils/2.0.5/plexus-utils-2.0.5.jar
7f4ea4261000-7f4ea4264000 r--s 0001b000 08:05 9308308                    /home/jones/.m2/repository/junit/junit/3.8.1/junit-3.8.1.jar
7f4ea4264000-7f4ea4266000 r--s 00002000 08:05 9308581                    /home/jones/.m2/repository/org/codehaus/plexus/plexus-interactivity-api/1.0-alpha-4/plexus-interactivity-api-1.0-alpha-4.jar
7f4ea4266000-7f4ea4268000 r--s 00006000 08:05 9308362                    /home/jones/.m2/repository/commons-cli/commons-cli/1.0/commons-cli-1.0.jar
7f4ea4268000-7f4ea4269000 r--s 00001000 08:05 9308347                    /home/jones/.m2/repository/org/apache/maven/doxia/doxia-sink-api/1.0-alpha-7/doxia-sink-api-1.0-alpha-7.jar
7f4ea4269000-7f4ea426a000 r--s 00002000 08:05 9308335                    /home/jones/.m2/repository/org/apache/maven/reporting/maven-reporting-api/2.0.6/maven-reporting-api-2.0.6.jar
7f4ea426a000-7f4ea426c000 r--s 00006000 08:05 8919852                    /home/jones/.m2/repository/org/apache/maven/plugins/maven-resources-plugin/2.6/maven-resources-plugin-2.6.jar
7f4ea426c000-7f4ea427d000 r-xp 00000000 08:05 2365044                    /usr/lib/jvm/java-8-openjdk-amd64/jre/lib/amd64/libnio.so
7f4ea427d000-7f4ea447d000 ---p 00011000 08:05 2365044                    /usr/lib/jvm/java-8-openjdk-amd64/jre/lib/amd64/libnio.so
7f4ea447d000-7f4ea447e000 r--p 00011000 08:05 2365044                    /usr/lib/jvm/java-8-openjdk-amd64/jre/lib/amd64/libnio.so
7f4ea447e000-7f4ea447f000 rw-p 00012000 08:05 2365044                    /usr/lib/jvm/java-8-openjdk-amd64/jre/lib/amd64/libnio.so
7f4ea447f000-7f4ea4496000 r-xp 00000000 08:05 2365032                    /usr/lib/jvm/java-8-openjdk-amd64/jre/lib/amd64/libnet.so
7f4ea4496000-7f4ea4695000 ---p 00017000 08:05 2365032                    /usr/lib/jvm/java-8-openjdk-amd64/jre/lib/amd64/libnet.so
7f4ea4695000-7f4ea4696000 r--p 00016000 08:05 2365032                    /usr/lib/jvm/java-8-openjdk-amd64/jre/lib/amd64/libnet.so
7f4ea4696000-7f4ea4697000 rw-p 00017000 08:05 2365032                    /usr/lib/jvm/java-8-openjdk-amd64/jre/lib/amd64/libnet.so
7f4ea4697000-7f4ea4897000 rw-p 00000000 00:00 0 
7f4ea4897000-7f4ea489c000 r--s 0009a000 08:05 2365052                    /usr/lib/jvm/java-8-openjdk-amd64/jre/lib/jsse.jar
7f4ea489c000-7f4ea4a9c000 rw-p 00000000 00:00 0 
7f4ea4a9c000-7f4ea4c9c000 rw-p 00000000 00:00 0 
7f4ea4c9c000-7f4ea4c9d000 r--s 00000000 08:05 3434503                    /opt/maven/lib/javax.inject-1.jar
7f4ea4c9d000-7f4ea4ca1000 r--s 00039000 08:05 3434487                    /opt/maven/lib/plexus-utils-3.0.24.jar
7f4ea4ca1000-7f4ea4ca8000 r--s 00041000 08:05 3434516                    /opt/maven/lib/maven-compat-3.5.0.jar
7f4ea4ca8000-7f4ea4caa000 r-xp 00000000 08:05 3434481                    /opt/maven/lib/jansi-native/linux64/libjansi.so
7f4ea4caa000-7f4ea4ea9000 ---p 00002000 08:05 3434481                    /opt/maven/lib/jansi-native/linux64/libjansi.so
7f4ea4ea9000-7f4ea4eaa000 rw-p 00001000 08:05 3434481                    /opt/maven/lib/jansi-native/linux64/libjansi.so
7f4ea4eaa000-7f4ea4eac000 r--s 00009000 08:05 3434518                    /opt/maven/lib/slf4j-api-1.7.22.jar
7f4ea4eac000-7f4ea4ead000 r--s 00006000 08:05 3434497                    /opt/maven/lib/maven-repository-metadata-3.5.0.jar
7f4ea4ead000-7f4ea4eaf000 r--s 0000c000 08:05 3434517                    /opt/maven/lib/wagon-provider-api-2.12.jar
7f4ea4eaf000-7f4ea4eb3000 r--s 0002a000 08:05 3434511                    /opt/maven/lib/maven-resolver-impl-1.0.3.jar
7f4ea4eb3000-7f4ea4eb4000 r--s 00002000 08:05 3434522                    /opt/maven/lib/wagon-file-2.12.jar
7f4ea4eb4000-7f4ea4eb7000 r--s 00011000 08:05 3434493                    /opt/maven/lib/plexus-interpolation-1.24.jar
7f4ea4eb7000-7f4ea4eb9000 r--s 00000000 08:05 3434494                    /opt/maven/lib/plexus-component-annotations-1.7.1.jar
7f4ea4eb9000-7f4ea4ebb000 r--s 00007000 08:05 3434509                    /opt/maven/lib/maven-resolver-spi-1.0.3.jar
7f4ea4ebb000-7f4ea4ebd000 r--s 00000000 08:05 3434515                    /opt/maven/lib/aopalliance-1.0.jar
7f4ea4ebd000-7f4ea4eec000 r--s 00226000 08:05 3434506                    /opt/maven/lib/guava-20.0.jar
7f4ea4eec000-7f4ea4eee000 r--s 0000c000 08:05 3434498                    /opt/maven/lib/maven-artifact-3.5.0.jar
7f4ea4eee000-7f4ea4ef1000 r--s 00026000 08:05 3434489                    /opt/maven/lib/maven-model-3.5.0.jar
7f4ea4ef1000-7f4ea4ef3000 r--s 0000c000 08:05 3434519                    /opt/maven/lib/commons-cli-1.4.jar
7f4ea4ef3000-7f4ea4ef7000 r--s 0002f000 08:05 3434513                    /opt/maven/lib/commons-io-2.5.jar
7f4ea4ef7000-7f4ea4efb000 r--s 00023000 08:05 3434510                    /opt/maven/lib/maven-resolver-util-1.0.3.jar
7f4ea4efb000-7f4ea4f03000 r--s 0006e000 08:05 3434490                    /opt/maven/lib/commons-lang3-3.5.jar
7f4ea4f03000-7f4ea4f08000 r--s 00027000 08:05 3434505                    /opt/maven/lib/maven-model-builder-3.5.0.jar
7f4ea4f08000-7f4ea4f0c000 r--s 00020000 08:05 3434508                    /opt/maven/lib/maven-resolver-api-1.0.3.jar
7f4ea4f0c000-7f4ea4f13000 r--s 00056000 08:05 3434504                    /opt/maven/lib/org.eclipse.sisu.inject-0.3.3.jar
7f4ea4f13000-7f4ea4f16000 r--s 00023000 08:05 3434526                    /opt/maven/lib/jansi-1.13.jar
7f4ea4f16000-7f4ea4f18000 r--s 00003000 08:05 3434521                    /opt/maven/lib/jcl-over-slf4j-1.7.22.jar
7f4ea4f18000-7f4ea4f1a000 r--s 00009000 08:05 3434523                    /opt/maven/lib/maven-resolver-connector-basic-1.0.3.jar
7f4ea4f1a000-7f4ea4f1c000 r--s 00009000 08:05 3434491                    /opt/maven/lib/maven-settings-builder-3.5.0.jar
7f4ea4f1c000-7f4ea4f48000 r--s 001e6000 08:05 3434520                    /opt/maven/lib/wagon-http-2.12-shaded.jar
7f4ea4f48000-7f4ea4f4a000 r--s 0000a000 08:05 3434499                    /opt/maven/lib/maven-plugin-api-3.5.0.jar
7f4ea4f4a000-7f4ea4f53000 r--s 0005f000 08:05 3434514                    /opt/maven/lib/guice-4.0-no_aop.jar
7f4ea4f53000-7f4ea4f55000 r--s 00006000 08:05 3434524                    /opt/maven/lib/maven-resolver-transport-wagon-1.0.3.jar
7f4ea4f55000-7f4ea4f57000 r--s 0000f000 08:05 3434507                    /opt/maven/lib/maven-resolver-provider-3.5.0.jar
7f4ea4f57000-7f4ea4f58000 r--s 00003000 08:05 3434492                    /opt/maven/lib/maven-builder-support-3.5.0.jar
7f4ea4f58000-7f4ea4f5b000 r--s 00008000 08:05 3434501                    /opt/maven/lib/cdi-api-1.0.jar
7f4ea4f5b000-7f4ea4f5d000 r--s 00002000 08:05 3434496                    /opt/maven/lib/plexus-cipher-1.7.jar
7f4ea4f5d000-7f4ea4f60000 r--s 00015000 08:05 3434485                    /opt/maven/lib/maven-embedder-3.5.0.jar
7f4ea4f60000-7f4ea4f6d000 r--s 0008c000 08:05 3434488                    /opt/maven/lib/maven-core-3.5.0.jar
7f4ea4f6d000-7f4ea4f77000 r--s 00116000 08:05 2365007                    /usr/lib/jvm/java-8-openjdk-amd64/jre/lib/ext/localedata.jar
7f4ea4f77000-7f4ea4f78000 ---p 00000000 00:00 0 
7f4ea4f78000-7f4ea5078000 rw-p 00000000 00:00 0 
7f4ea5078000-7f4ea507b000 ---p 00000000 00:00 0 
7f4ea507b000-7f4ea5179000 rw-p 00000000 00:00 0 
7f4ea5179000-7f4ea517c000 ---p 00000000 00:00 0 
7f4ea517c000-7f4ea527a000 rw-p 00000000 00:00 0 
7f4ea527a000-7f4ea527d000 ---p 00000000 00:00 0 
7f4ea527d000-7f4ea537b000 rw-p 00000000 00:00 0 
7f4ea537b000-7f4ea537e000 ---p 00000000 00:00 0 
7f4ea537e000-7f4ea547c000 rw-p 00000000 00:00 0 
7f4ea547c000-7f4ea547f000 ---p 00000000 00:00 0 
7f4ea547f000-7f4ea557d000 rw-p 00000000 00:00 0 
7f4ea557d000-7f4ea5f3c000 r--p 00000000 08:05 2235437                    /usr/lib/locale/locale-archive
7f4ea5f3c000-7f4ea5f3f000 ---p 00000000 00:00 0 
7f4ea5f3f000-7f4ea603d000 rw-p 00000000 00:00 0 
7f4ea603d000-7f4ea6040000 ---p 00000000 00:00 0 
7f4ea6040000-7f4ea613e000 rw-p 00000000 00:00 0 
7f4ea613e000-7f4ea613f000 ---p 00000000 00:00 0 
7f4ea613f000-7f4ea8000000 rw-p 00000000 00:00 0 
7f4ea8000000-7f4ea8021000 rw-p 00000000 00:00 0 
7f4ea8021000-7f4eac000000 ---p 00000000 00:00 0 
7f4eac000000-7f4eac006000 r--s 0002d000 08:05 3434500                    /opt/maven/lib/org.eclipse.sisu.plexus-0.3.3.jar
7f4eac006000-7f4eac007000 r--s 00001000 08:05 3434502                    /opt/maven/lib/jsr250-api-1.0.jar
7f4eac007000-7f4eac008000 r--s 00006000 08:05 3434495                    /opt/maven/lib/plexus-sec-dispatcher-1.4.jar
7f4eac008000-7f4eac023000 r--s 001d6000 08:05 2365004                    /usr/lib/jvm/java-8-openjdk-amd64/jre/lib/ext/nashorn.jar
7f4eac023000-7f4eace31000 rw-p 00000000 00:00 0 
7f4eace31000-7f4ead000000 r--s 03c21000 08:05 2364998                    /usr/lib/jvm/java-8-openjdk-amd64/jre/lib/rt.jar
7f4ead000000-7f4ead9a0000 rwxp 00000000 00:00 0 
7f4ead9a0000-7f4ebc000000 ---p 00000000 00:00 0 
7f4ebc000000-7f4ebce43000 rw-p 00000000 00:00 0 
7f4ebce43000-7f4ec0000000 ---p 00000000 00:00 0 
7f4ec0000000-7f4ec0001000 r--s 0000a000 08:05 3434486                    /opt/maven/lib/maven-settings-3.5.0.jar
7f4ec0001000-7f4ec0004000 r--s 00025000 08:05 3434512                    /opt/maven/lib/maven-shared-utils-3.1.0.jar
7f4ec0004000-7f4ec001f000 r--s 00394000 08:05 2365002                    /usr/lib/jvm/java-8-openjdk-amd64/jre/lib/ext/cldrdata.jar
7f4ec001f000-7f4ec0b12000 rw-p 00000000 00:00 0 
7f4ec0b12000-7f4ec0b13000 ---p 00000000 00:00 0 
7f4ec0b13000-7f4ec0c13000 rw-p 00000000 00:00 0 
7f4ec0c13000-7f4ec0c14000 ---p 00000000 00:00 0 
7f4ec0c14000-7f4ec0d14000 rw-p 00000000 00:00 0 
7f4ec0d14000-7f4ec0d15000 ---p 00000000 00:00 0 
7f4ec0d15000-7f4ec0e15000 rw-p 00000000 00:00 0 
7f4ec0e15000-7f4ec0e16000 ---p 00000000 00:00 0 
7f4ec0e16000-7f4ec0f2a000 rw-p 00000000 00:00 0 
7f4ec0f2a000-7f4ec1049000 ---p 00000000 00:00 0 
7f4ec1049000-7f4ec105d000 rw-p 00000000 00:00 0 
7f4ec105d000-7f4ec117b000 ---p 00000000 00:00 0 
7f4ec117b000-7f4ec11a2000 rw-p 00000000 00:00 0 
7f4ec11a2000-7f4ec1215000 ---p 00000000 00:00 0 
7f4ec1215000-7f4ec123d000 rw-p 00000000 00:00 0 
7f4ec123d000-7f4ec15d6000 ---p 00000000 00:00 0 
7f4ec15d6000-7f4ec15de000 r-xp 00000000 08:05 2365038                    /usr/lib/jvm/java-8-openjdk-amd64/jre/lib/amd64/libzip.so
7f4ec15de000-7f4ec17dd000 ---p 00008000 08:05 2365038                    /usr/lib/jvm/java-8-openjdk-amd64/jre/lib/amd64/libzip.so
7f4ec17dd000-7f4ec17de000 r--p 00007000 08:05 2365038                    /usr/lib/jvm/java-8-openjdk-amd64/jre/lib/amd64/libzip.so
7f4ec17de000-7f4ec17df000 rw-p 00008000 08:05 2365038                    /usr/lib/jvm/java-8-openjdk-amd64/jre/lib/amd64/libzip.so
7f4ec17df000-7f4ec17ea000 r-xp 00000000 08:05 7737968                    /lib/x86_64-linux-gnu/libnss_files-2.23.so
7f4ec17ea000-7f4ec19e9000 ---p 0000b000 08:05 7737968                    /lib/x86_64-linux-gnu/libnss_files-2.23.so
7f4ec19e9000-7f4ec19ea000 r--p 0000a000 08:05 7737968                    /lib/x86_64-linux-gnu/libnss_files-2.23.so
7f4ec19ea000-7f4ec19eb000 rw-p 0000b000 08:05 7737968                    /lib/x86_64-linux-gnu/libnss_files-2.23.so
7f4ec19eb000-7f4ec19f1000 rw-p 00000000 00:00 0 
7f4ec19f1000-7f4ec19fc000 r-xp 00000000 08:05 7737978                    /lib/x86_64-linux-gnu/libnss_nis-2.23.so
7f4ec19fc000-7f4ec1bfb000 ---p 0000b000 08:05 7737978                    /lib/x86_64-linux-gnu/libnss_nis-2.23.so
7f4ec1bfb000-7f4ec1bfc000 r--p 0000a000 08:05 7737978                    /lib/x86_64-linux-gnu/libnss_nis-2.23.so
7f4ec1bfc000-7f4ec1bfd000 rw-p 0000b000 08:05 7737978                    /lib/x86_64-linux-gnu/libnss_nis-2.23.so
7f4ec1bfd000-7f4ec1c13000 r-xp 00000000 08:05 7737962                    /lib/x86_64-linux-gnu/libnsl-2.23.so
7f4ec1c13000-7f4ec1e12000 ---p 00016000 08:05 7737962                    /lib/x86_64-linux-gnu/libnsl-2.23.so
7f4ec1e12000-7f4ec1e13000 r--p 00015000 08:05 7737962                    /lib/x86_64-linux-gnu/libnsl-2.23.so
7f4ec1e13000-7f4ec1e14000 rw-p 00016000 08:05 7737962                    /lib/x86_64-linux-gnu/libnsl-2.23.so
7f4ec1e14000-7f4ec1e16000 rw-p 00000000 00:00 0 
7f4ec1e16000-7f4ec1e1e000 r-xp 00000000 08:05 7737964                    /lib/x86_64-linux-gnu/libnss_compat-2.23.so
7f4ec1e1e000-7f4ec201d000 ---p 00008000 08:05 7737964                    /lib/x86_64-linux-gnu/libnss_compat-2.23.so
7f4ec201d000-7f4ec201e000 r--p 00007000 08:05 7737964                    /lib/x86_64-linux-gnu/libnss_compat-2.23.so
7f4ec201e000-7f4ec201f000 rw-p 00008000 08:05 7737964                    /lib/x86_64-linux-gnu/libnss_compat-2.23.so
7f4ec201f000-7f4ec204c000 r-xp 00000000 08:05 2365021                    /usr/lib/jvm/java-8-openjdk-amd64/jre/lib/amd64/libjava.so
7f4ec204c000-7f4ec224b000 ---p 0002d000 08:05 2365021                    /usr/lib/jvm/java-8-openjdk-amd64/jre/lib/amd64/libjava.so
7f4ec224b000-7f4ec224c000 r--p 0002c000 08:05 2365021                    /usr/lib/jvm/java-8-openjdk-amd64/jre/lib/amd64/libjava.so
7f4ec224c000-7f4ec224e000 rw-p 0002d000 08:05 2365021                    /usr/lib/jvm/java-8-openjdk-amd64/jre/lib/amd64/libjava.so
7f4ec224e000-7f4ec225d000 r-xp 00000000 08:05 2365036                    /usr/lib/jvm/java-8-openjdk-amd64/jre/lib/amd64/libverify.so
7f4ec225d000-7f4ec245c000 ---p 0000f000 08:05 2365036                    /usr/lib/jvm/java-8-openjdk-amd64/jre/lib/amd64/libverify.so
7f4ec245c000-7f4ec245e000 r--p 0000e000 08:05 2365036                    /usr/lib/jvm/java-8-openjdk-amd64/jre/lib/amd64/libverify.so
7f4ec245e000-7f4ec245f000 rw-p 00010000 08:05 2365036                    /usr/lib/jvm/java-8-openjdk-amd64/jre/lib/amd64/libverify.so
7f4ec245f000-7f4ec2466000 r-xp 00000000 08:05 7738023                    /lib/x86_64-linux-gnu/librt-2.23.so
7f4ec2466000-7f4ec2665000 ---p 00007000 08:05 7738023                    /lib/x86_64-linux-gnu/librt-2.23.so
7f4ec2665000-7f4ec2666000 r--p 00006000 08:05 7738023                    /lib/x86_64-linux-gnu/librt-2.23.so
7f4ec2666000-7f4ec2667000 rw-p 00007000 08:05 7738023                    /lib/x86_64-linux-gnu/librt-2.23.so
7f4ec2667000-7f4ec267d000 r-xp 00000000 08:05 7737907                    /lib/x86_64-linux-gnu/libgcc_s.so.1
7f4ec267d000-7f4ec287c000 ---p 00016000 08:05 7737907                    /lib/x86_64-linux-gnu/libgcc_s.so.1
7f4ec287c000-7f4ec287d000 rw-p 00015000 08:05 7737907                    /lib/x86_64-linux-gnu/libgcc_s.so.1
7f4ec287d000-7f4ec2985000 r-xp 00000000 08:05 7737939                    /lib/x86_64-linux-gnu/libm-2.23.so
7f4ec2985000-7f4ec2b84000 ---p 00108000 08:05 7737939                    /lib/x86_64-linux-gnu/libm-2.23.so
7f4ec2b84000-7f4ec2b85000 r--p 00107000 08:05 7737939                    /lib/x86_64-linux-gnu/libm-2.23.so
7f4ec2b85000-7f4ec2b86000 rw-p 00108000 08:05 7737939                    /lib/x86_64-linux-gnu/libm-2.23.so
7f4ec2b86000-7f4ec2cf8000 r-xp 00000000 08:05 2237609                    /usr/lib/x86_64-linux-gnu/libstdc++.so.6.0.21
7f4ec2cf8000-7f4ec2ef8000 ---p 00172000 08:05 2237609                    /usr/lib/x86_64-linux-gnu/libstdc++.so.6.0.21
7f4ec2ef8000-7f4ec2f02000 r--p 00172000 08:05 2237609                    /usr/lib/x86_64-linux-gnu/libstdc++.so.6.0.21
7f4ec2f02000-7f4ec2f04000 rw-p 0017c000 08:05 2237609                    /usr/lib/x86_64-linux-gnu/libstdc++.so.6.0.21
7f4ec2f04000-7f4ec2f08000 rw-p 00000000 00:00 0 
7f4ec2f08000-7f4ec3b5a000 r-xp 00000000 08:05 2365031                    /usr/lib/jvm/java-8-openjdk-amd64/jre/lib/amd64/server/libjvm.so
7f4ec3b5a000-7f4ec3d5a000 ---p 00c52000 08:05 2365031                    /usr/lib/jvm/java-8-openjdk-amd64/jre/lib/amd64/server/libjvm.so
7f4ec3d5a000-7f4ec3ded000 r--p 00c52000 08:05 2365031                    /usr/lib/jvm/java-8-openjdk-amd64/jre/lib/amd64/server/libjvm.so
7f4ec3ded000-7f4ec3e16000 rw-p 00ce5000 08:05 2365031                    /usr/lib/jvm/java-8-openjdk-amd64/jre/lib/amd64/server/libjvm.so
7f4ec3e16000-7f4ec3e46000 rw-p 00000000 00:00 0 
7f4ec3e46000-7f4ec3e5e000 r-xp 00000000 08:05 7738015                    /lib/x86_64-linux-gnu/libpthread-2.23.so
7f4ec3e5e000-7f4ec405d000 ---p 00018000 08:05 7738015                    /lib/x86_64-linux-gnu/libpthread-2.23.so
7f4ec405d000-7f4ec405e000 r--p 00017000 08:05 7738015                    /lib/x86_64-linux-gnu/libpthread-2.23.so
7f4ec405e000-7f4ec405f000 rw-p 00018000 08:05 7738015                    /lib/x86_64-linux-gnu/libpthread-2.23.so
7f4ec405f000-7f4ec4063000 rw-p 00000000 00:00 0 
7f4ec4063000-7f4ec4066000 r-xp 00000000 08:05 7737893                    /lib/x86_64-linux-gnu/libdl-2.23.so
7f4ec4066000-7f4ec4265000 ---p 00003000 08:05 7737893                    /lib/x86_64-linux-gnu/libdl-2.23.so
7f4ec4265000-7f4ec4266000 r--p 00002000 08:05 7737893                    /lib/x86_64-linux-gnu/libdl-2.23.so
7f4ec4266000-7f4ec4267000 rw-p 00003000 08:05 7737893                    /lib/x86_64-linux-gnu/libdl-2.23.so
7f4ec4267000-7f4ec4280000 r-xp 00000000 08:05 7738060                    /lib/x86_64-linux-gnu/libz.so.1.2.8
7f4ec4280000-7f4ec447f000 ---p 00019000 08:05 7738060                    /lib/x86_64-linux-gnu/libz.so.1.2.8
7f4ec447f000-7f4ec4480000 r--p 00018000 08:05 7738060                    /lib/x86_64-linux-gnu/libz.so.1.2.8
7f4ec4480000-7f4ec4481000 rw-p 00019000 08:05 7738060                    /lib/x86_64-linux-gnu/libz.so.1.2.8
7f4ec4481000-7f4ec4641000 r-xp 00000000 08:05 7737869                    /lib/x86_64-linux-gnu/libc-2.23.so
7f4ec4641000-7f4ec4841000 ---p 001c0000 08:05 7737869                    /lib/x86_64-linux-gnu/libc-2.23.so
7f4ec4841000-7f4ec4845000 r--p 001c0000 08:05 7737869                    /lib/x86_64-linux-gnu/libc-2.23.so
7f4ec4845000-7f4ec4847000 rw-p 001c4000 08:05 7737869                    /lib/x86_64-linux-gnu/libc-2.23.so
7f4ec4847000-7f4ec484b000 rw-p 00000000 00:00 0 
7f4ec484b000-7f4ec4858000 r-xp 00000000 08:05 2365034                    /usr/lib/jvm/java-8-openjdk-amd64/jre/lib/amd64/jli/libjli.so
7f4ec4858000-7f4ec4a58000 ---p 0000d000 08:05 2365034                    /usr/lib/jvm/java-8-openjdk-amd64/jre/lib/amd64/jli/libjli.so
7f4ec4a58000-7f4ec4a59000 r--p 0000d000 08:05 2365034                    /usr/lib/jvm/java-8-openjdk-amd64/jre/lib/amd64/jli/libjli.so
7f4ec4a59000-7f4ec4a5a000 rw-p 0000e000 08:05 2365034                    /usr/lib/jvm/java-8-openjdk-amd64/jre/lib/amd64/jli/libjli.so
7f4ec4a5a000-7f4ec4a80000 r-xp 00000000 08:05 7737841                    /lib/x86_64-linux-gnu/ld-2.23.so
7f4ec4a80000-7f4ec4a81000 r--s 00004000 08:05 3434525                    /opt/maven/lib/maven-slf4j-provider-3.5.0.jar
7f4ec4a81000-7f4ec4a83000 r--s 0000b000 08:05 3571023                    /opt/maven/boot/plexus-classworlds-2.5.2.jar
7f4ec4a83000-7f4ec4a86000 r--s 0000f000 08:05 2365001                    /usr/lib/jvm/java-8-openjdk-amd64/jre/lib/ext/icedtea-sound.jar
7f4ec4a86000-7f4ec4a87000 r--s 0000a000 08:05 2365009                    /usr/lib/jvm/java-8-openjdk-amd64/jre/lib/ext/jaccess.jar
7f4ec4a87000-7f4ec4a89000 r--s 00008000 08:05 2365006                    /usr/lib/jvm/java-8-openjdk-amd64/jre/lib/ext/sunec.jar
7f4ec4a89000-7f4ec4b60000 rw-p 00000000 00:00 0 
7f4ec4b60000-7f4ec4b63000 ---p 00000000 00:00 0 
7f4ec4b63000-7f4ec4c66000 rw-p 00000000 00:00 0 
7f4ec4c66000-7f4ec4c6c000 r--s 0003a000 08:05 2365005                    /usr/lib/jvm/java-8-openjdk-amd64/jre/lib/ext/sunjce_provider.jar
7f4ec4c6c000-7f4ec4c70000 r--s 00037000 08:05 2365008                    /usr/lib/jvm/java-8-openjdk-amd64/jre/lib/ext/sunpkcs11.jar
7f4ec4c70000-7f4ec4c71000 r--s 00010000 08:05 2365003                    /usr/lib/jvm/java-8-openjdk-amd64/jre/lib/ext/zipfs.jar
7f4ec4c71000-7f4ec4c73000 r--s 00001000 08:05 2365010                    /usr/lib/jvm/java-8-openjdk-amd64/jre/lib/ext/dnsns.jar
7f4ec4c73000-7f4ec4c7b000 rw-s 00000000 08:05 7471160                    /tmp/hsperfdata_jones/11001
7f4ec4c7b000-7f4ec4c7c000 rw-p 00000000 00:00 0 
7f4ec4c7c000-7f4ec4c7d000 ---p 00000000 00:00 0 
7f4ec4c7d000-7f4ec4c7f000 rw-p 00000000 00:00 0 
7f4ec4c7f000-7f4ec4c80000 r--p 00025000 08:05 7737841                    /lib/x86_64-linux-gnu/ld-2.23.so
7f4ec4c80000-7f4ec4c81000 rw-p 00026000 08:05 7737841                    /lib/x86_64-linux-gnu/ld-2.23.so
7f4ec4c81000-7f4ec4c82000 rw-p 00000000 00:00 0 
7ffe4b5c5000-7ffe4b5e6000 rw-p 00000000 00:00 0                          [stack]
7ffe4b5f2000-7ffe4b5f4000 r--p 00000000 00:00 0                          [vvar]
7ffe4b5f4000-7ffe4b5f6000 r-xp 00000000 00:00 0                          [vdso]
ffffffffff600000-ffffffffff601000 r-xp 00000000 00:00 0                  [vsyscall]

VM Arguments:
jvm_args: -Dclassworlds.conf=/opt/maven/bin/m2.conf -Dmaven.home=/opt/maven -Dmaven.multiModuleProjectDirectory=/home/jones/workspaces/STS/skeleton-web-services 
java_command: org.codehaus.plexus.classworlds.launcher.Launcher spring-boot:run
java_class_path (initial): /opt/maven/boot/plexus-classworlds-2.5.2.jar
Launcher Type: SUN_STANDARD

Environment Variables:
JAVA_HOME=/usr/lib/jvm/java-8-openjdk-amd64
PATH=/home/jones/bin:/home/jones/.local/bin:/opt/maven/bin:/usr/local/sbin:/usr/local/bin:/usr/sbin:/usr/bin:/sbin:/bin:/usr/games:/usr/local/games:/snap/bin
SHELL=/bin/bash
DISPLAY=:0

Signal Handlers:
SIGSEGV: [libjvm.so+0xa69040], sa_mask[0]=11111111011111111101111111111110, sa_flags=SA_RESTART|SA_SIGINFO
SIGBUS: [libjvm.so+0xa69040], sa_mask[0]=11111111011111111101111111111110, sa_flags=SA_RESTART|SA_SIGINFO
SIGFPE: [libjvm.so+0x8b2170], sa_mask[0]=11111111011111111101111111111110, sa_flags=SA_RESTART|SA_SIGINFO
SIGPIPE: [libjvm.so+0x8b2170], sa_mask[0]=11111111011111111101111111111110, sa_flags=SA_RESTART|SA_SIGINFO
SIGXFSZ: [libjvm.so+0x8b2170], sa_mask[0]=11111111011111111101111111111110, sa_flags=SA_RESTART|SA_SIGINFO
SIGILL: [libjvm.so+0x8b2170], sa_mask[0]=11111111011111111101111111111110, sa_flags=SA_RESTART|SA_SIGINFO
SIGUSR1: SIG_DFL, sa_mask[0]=00000000000000000000000000000000, sa_flags=none
SIGUSR2: [libjvm.so+0x8b2020], sa_mask[0]=00000000000000000000000000000000, sa_flags=SA_RESTART|SA_SIGINFO
SIGHUP: [libjvm.so+0x8b24f0], sa_mask[0]=11111111011111111101111111111110, sa_flags=SA_RESTART|SA_SIGINFO
SIGINT: [libjvm.so+0x8b24f0], sa_mask[0]=11111111011111111101111111111110, sa_flags=SA_RESTART|SA_SIGINFO
SIGTERM: [libjvm.so+0x8b24f0], sa_mask[0]=11111111011111111101111111111110, sa_flags=SA_RESTART|SA_SIGINFO
SIGQUIT: [libjvm.so+0x8b24f0], sa_mask[0]=11111111011111111101111111111110, sa_flags=SA_RESTART|SA_SIGINFO


---------------  S Y S T E M  ---------------

OS:DISTRIB_ID=Ubuntu
DISTRIB_RELEASE=16.04
DISTRIB_CODENAME=xenial
DISTRIB_DESCRIPTION="Ubuntu 16.04.3 LTS"

uname:Linux 4.10.0-38-generic #42~16.04.1-Ubuntu SMP Tue Oct 10 16:32:20 UTC 2017 x86_64
libc:glibc 2.23 NPTL 2.23 
rlimit: STACK 8192k, CORE 0k, NPROC 14523, NOFILE 1048576, AS infinity
load average:12.14 7.65 3.39

/proc/meminfo:
MemTotal:        3762432 kB
MemFree:          102272 kB
MemAvailable:       8680 kB
Buffers:             428 kB
Cached:           350200 kB
SwapCached:            0 kB
Active:          3124848 kB
Inactive:         336952 kB
Active(anon):    3115516 kB
Inactive(anon):   330148 kB
Active(file):       9332 kB
Inactive(file):     6804 kB
Unevictable:          48 kB
Mlocked:              48 kB
SwapTotal:             0 kB
SwapFree:              0 kB
Dirty:                72 kB
Writeback:           140 kB
AnonPages:       3111508 kB
Mapped:           157044 kB
Shmem:            334208 kB
Slab:              75660 kB
SReclaimable:      31676 kB
SUnreclaim:        43984 kB
KernelStack:       12336 kB
PageTables:        50088 kB
NFS_Unstable:          0 kB
Bounce:                0 kB
WritebackTmp:          0 kB
CommitLimit:     1881216 kB
Committed_AS:    8729828 kB
VmallocTotal:   34359738367 kB
VmallocUsed:           0 kB
VmallocChunk:          0 kB
HardwareCorrupted:     0 kB
AnonHugePages:   1556480 kB
ShmemHugePages:        0 kB
ShmemPmdMapped:        0 kB
CmaTotal:              0 kB
CmaFree:               0 kB
HugePages_Total:       0
HugePages_Free:        0
HugePages_Rsvd:        0
HugePages_Surp:        0
Hugepagesize:       2048 kB
DirectMap4k:      162912 kB
DirectMap2M:     3745792 kB
DirectMap1G:           0 kB


CPU:total 4 (initial active 4) (2 cores per cpu, 2 threads per core) family 6 model 60 stepping 3, cmov, cx8, fxsr, mmx, sse, sse2, sse3, ssse3, sse4.1, sse4.2, popcnt, avx, avx2, aes, clmul, erms, lzcnt, ht, tsc, tscinvbit, bmi1, bmi2

/proc/cpuinfo:
processor	: 0
vendor_id	: GenuineIntel
cpu family	: 6
model		: 60
model name	: Intel(R) Core(TM) i5-4210M CPU @ 2.60GHz
stepping	: 3
microcode	: 0x1e
cpu MHz		: 2452.099
cache size	: 3072 KB
physical id	: 0
siblings	: 4
core id		: 0
cpu cores	: 2
apicid		: 0
initial apicid	: 0
fpu		: yes
fpu_exception	: yes
cpuid level	: 13
wp		: yes
flags		: fpu vme de pse tsc msr pae mce cx8 apic sep mtrr pge mca cmov pat pse36 clflush dts acpi mmx fxsr sse sse2 ss ht tm pbe syscall nx pdpe1gb rdtscp lm constant_tsc arch_perfmon pebs bts rep_good nopl xtopology nonstop_tsc aperfmperf pni pclmulqdq dtes64 monitor ds_cpl vmx est tm2 ssse3 sdbg fma cx16 xtpr pdcm pcid sse4_1 sse4_2 movbe popcnt tsc_deadline_timer aes xsave avx f16c rdrand lahf_lm abm epb tpr_shadow vnmi flexpriority ept vpid fsgsbase tsc_adjust bmi1 avx2 smep bmi2 erms invpcid xsaveopt dtherm ida arat pln pts
bugs		:
bogomips	: 5187.97
clflush size	: 64
cache_alignment	: 64
address sizes	: 39 bits physical, 48 bits virtual
power management:

processor	: 1
vendor_id	: GenuineIntel
cpu family	: 6
model		: 60
model name	: Intel(R) Core(TM) i5-4210M CPU @ 2.60GHz
stepping	: 3
microcode	: 0x1e
cpu MHz		: 1635.949
cache size	: 3072 KB
physical id	: 0
siblings	: 4
core id		: 0
cpu cores	: 2
apicid		: 1
initial apicid	: 1
fpu		: yes
fpu_exception	: yes
cpuid level	: 13
wp		: yes
flags		: fpu vme de pse tsc msr pae mce cx8 apic sep mtrr pge mca cmov pat pse36 clflush dts acpi mmx fxsr sse sse2 ss ht tm pbe syscall nx pdpe1gb rdtscp lm constant_tsc arch_perfmon pebs bts rep_good nopl xtopology nonstop_tsc aperfmperf pni pclmulqdq dtes64 monitor ds_cpl vmx est tm2 ssse3 sdbg fma cx16 xtpr pdcm pcid sse4_1 sse4_2 movbe popcnt tsc_deadline_timer aes xsave avx f16c rdrand lahf_lm abm epb tpr_shadow vnmi flexpriority ept vpid fsgsbase tsc_adjust bmi1 avx2 smep bmi2 erms invpcid xsaveopt dtherm ida arat pln pts
bugs		:
bogomips	: 5187.97
clflush size	: 64
cache_alignment	: 64
address sizes	: 39 bits physical, 48 bits virtual
power management:

processor	: 2
vendor_id	: GenuineIntel
cpu family	: 6
model		: 60
model name	: Intel(R) Core(TM) i5-4210M CPU @ 2.60GHz
stepping	: 3
microcode	: 0x1e
cpu MHz		: 2293.566
cache size	: 3072 KB
physical id	: 0
siblings	: 4
core id		: 1
cpu cores	: 2
apicid		: 2
initial apicid	: 2
fpu		: yes
fpu_exception	: yes
cpuid level	: 13
wp		: yes
flags		: fpu vme de pse tsc msr pae mce cx8 apic sep mtrr pge mca cmov pat pse36 clflush dts acpi mmx fxsr sse sse2 ss ht tm pbe syscall nx pdpe1gb rdtscp lm constant_tsc arch_perfmon pebs bts rep_good nopl xtopology nonstop_tsc aperfmperf pni pclmulqdq dtes64 monitor ds_cpl vmx est tm2 ssse3 sdbg fma cx16 xtpr pdcm pcid sse4_1 sse4_2 movbe popcnt tsc_deadline_timer aes xsave avx f16c rdrand lahf_lm abm epb tpr_shadow vnmi flexpriority ept vpid fsgsbase tsc_adjust bmi1 avx2 smep bmi2 erms invpcid xsaveopt dtherm ida arat pln pts
bugs		:
bogomips	: 5187.97
clflush size	: 64
cache_alignment	: 64
address sizes	: 39 bits physical, 48 bits virtual
power management:

processor	: 3
vendor_id	: GenuineIntel
cpu family	: 6
model		: 60
model name	: Intel(R) Core(TM) i5-4210M CPU @ 2.60GHz
stepping	: 3
microcode	: 0x1e
cpu MHz		: 3013.549
cache size	: 3072 KB
physical id	: 0
siblings	: 4
core id		: 1
cpu cores	: 2
apicid		: 3
initial apicid	: 3
fpu		: yes
fpu_exception	: yes
cpuid level	: 13
wp		: yes
flags		: fpu vme de pse tsc msr pae mce cx8 apic sep mtrr pge mca cmov pat pse36 clflush dts acpi mmx fxsr sse sse2 ss ht tm pbe syscall nx pdpe1gb rdtscp lm constant_tsc arch_perfmon pebs bts rep_good nopl xtopology nonstop_tsc aperfmperf pni pclmulqdq dtes64 monitor ds_cpl vmx est tm2 ssse3 sdbg fma cx16 xtpr pdcm pcid sse4_1 sse4_2 movbe popcnt tsc_deadline_timer aes xsave avx f16c rdrand lahf_lm abm epb tpr_shadow vnmi flexpriority ept vpid fsgsbase tsc_adjust bmi1 avx2 smep bmi2 erms invpcid xsaveopt dtherm ida arat pln pts
bugs		:
bogomips	: 5187.97
clflush size	: 64
cache_alignment	: 64
address sizes	: 39 bits physical, 48 bits virtual
power management:



Memory: 4k page, physical 3762432k(103012k free), swap 0k(0k free)

vm_info: OpenJDK 64-Bit Server VM (25.151-b12) for linux-amd64 JRE (1.8.0_151-8u151-b12-0ubuntu0.16.04.2-b12), built on Oct 27 2017 21:59:02 by "buildd" with gcc 5.4.0 20160609

time: Sun Nov 12 18:46:37 2017
elapsed time: 208 seconds (0d 0h 3m 28s)

